3 216 82 252
3 167 50 215
3 0 68 288
3 180 157 297
3 33 254 30
3 116 295 126
3 296 111 256
3 54 158 206
3 108 268 262
3 85 243 47
3 275 207 279
3 87 209 186
3 41 236 97
3 164 11 233
3 249 3 272
3 212 27 143
3 110 258 240
3 88 170 1
3 75 89 135
3 103 253 69
3 80 191 94
3 72 61 123
3 4 163 293
3 7 177 189
3 294 298 208
3 148 160 178
3 162 109 49
3 259 197 84
3 159 73 153
3 246 237 278
3 203 22 173
3 24 114 77
3 133 140 52
3 62 48 257
3 161 6 151
3 127 147 149
3 13 269 169
3 260 190 132
3 276 76 274
3 136 42 175
3 92 90 130
2 95 101
2 137 283
2 290 25
2 227 10
2 193 93
2 15 235
2 218 70
2 273 131
2 150 119
2 285 201
2 107 83
2 74 118
2 144 287
2 105 138
2 18 5
2 171 81
2 187 98
2 38 16
2 63 139
2 125 124
2 156 205
2 60 248
2 200 112
2 57 181
2 19 219
2 213 35
2 44 20
2 129 255
2 79 238
2 245 265
2 226 196
2 21 223
2 113 31
2 224 266
2 91 242
2 232 250
2 96 292
2 188 78
2 39 264
2 277 106
2 281 12
2 174 289
2 282 115
2 29 152
2 214 55
2 128 155
2 284 141
2 102 59
2 28 182
2 241 67
2 244 104
2 204 145
2 217 192
2 146 142
2 239 71
2 121 43
2 202 176
2 185 154
2 271 228
