56 6670 6831 6721 6355 6397 6319 6489 6408 7310 7432 7464 7386 7009 7118 7035 7088 5390 5549 5476 5121 5073 5229 6047 5945 6221 5764 5692 5815 9206 9065 9104 9312 9222 8865 8788 9001 8933 9830 9693 9997 9888 9381 9624 9602 7903 7947 7858 8107 7602 7524 7548 7751 7668 8558 8497 8195
58 6661 6829 6351 6511 6549 6441 7294 7206 7242 7496 6956 6910 7053 6250 5350 5356 5609 5485 5125 5265 5198 6068 5980 6188 6149 5737 5693 5789 9212 9353 8871 8827 9045 8961 9825 9725 9735 9984 9862 9470 9414 9611 9533 9574 7905 7938 7850 8074 7975 7588 7533 7763 7691 8535 8565 8481 8729 4023
55 6662 6578 6866 6331 6251 6532 6450 7276 7423 7465 6984 6894 6917 7154 5397 5556 5503 5097 5024 5065 5254 6029 5960 6185 6167 5759 5918 5787 9182 9137 9336 9232 8844 8906 8957 9707 9970 9873 9904 9404 9639 9559 9573 7952 7880 8073 8120 7605 7656 7796 7715 8570 8695 8734 1653
58 6663 6629 6864 6746 6777 6371 6547 7288 7208 7237 7363 7007 7178 7049 5439 5388 5604 5510 5027 5070 5273 5184 6051 5972 6209 5709 5627 5860 5870 5906 5798 9077 9310 9279 8856 8760 9007 9052 8911 9779 9817 9954 9880 9900 9393 9622 9581 7836 7865 8124 8045 7644 7633 7755 7695 8585 8483 8659
56 6664 6589 6805 6763 6313 6515 6477 7284 7255 7230 7488 7347 6971 6900 7174 7078 5332 5319 5577 5617 5531 5130 5047 5199 6037 6033 5999 6113 5771 5751 5630 5874 5786 9215 9306 9290 8900 9006 8931 9822 9734 9992 9856 9901 9453 9617 9593 7820 8101 8020 7502 7758 7728 8449 8674 8608
55 6665 6635 6855 6363 6341 6328 6326 6407 6459 7341 7220 7452 7406 6982 6905 7134 7075 5461 5578 5474 5094 5003 5257 5288 6042 6067 6193 6248 6143 5654 5930 5841 9200 9139 9243 8869 8798 8924 9828 9961 9916 9461 9498 9449 9539 7954 7887 8065 8046 7506 7747 7685 8548 8567 8488
59 6666 6630 6778 6364 6285 6520 6417 7272 7198 7243 6975 7000 7127 7039 5339 5369 5505 5546 5108 5148 5238 5231 6015 5974 6223 5727 5880 5924 5845 9175 9136 9315 9235 8857 8905 8786 9047 9040 9775 9728 9959 9855 9492 9406 9634 9667 7911 7870 8056 7992 8038 7589 7514 7770 7677 7703 8593 8500 8665
54 6667 6580 6846 6396 6294 6435 7287 7323 7445 7485 7391 6884 7113 7033 5468 5558 5525 5066 5304 5188 5208 5957 6004 6241 6158 5711 5681 5934 9168 9103 9308 9269 8753 9043 8975 9842 9762 9948 9463 9621 7895 7942 7889 8109 8037 7640 7561 7794 7704 8506 8744 8726 8652 345
59 6668 6576 6797 6786 6335 6370 6310 6548 6436 7275 7212 7234 7422 7379 7416 6966 6951 7100 5442 5614 5537 5111 5028 5284 6080 5978 6155 5731 5668 5804 9149 9121 9324 9350 9270 8899 8762 8996 9803 9705 9956 9858 9471 9436 9633 9660 9586 7835 7888 8083 8097 7609 7509 7678 7731 8563 8692 8688 8270
61 6669 6626 6813 6793 6358 6254 6552 6409 7285 7318 7258 7481 7400 7010 7124 7034 5401 5460 5362 5603 5081 5046 5305 5194 6022 5944 6195 6231 6127 5732 5770 5753 5807 9189 9323 9249 9275 8754 9003 8915 9784 9704 9742 9875 9918 9511 9424 9656 9576 7904 7843 7884 8119 8042 7649 7573 7743 7670 8580 8502 8239
55 6660 6563 6625 6723 6774 6372 6304 6498 7291 7241 7497 7477 6983 7024 6941 7128 7093 5340 5382 5563 5523 5002 5246 5202 6071 6186 6139 5758 5909 5836 9089 9366 8831 8799 8932 8967 9773 9730 9885 9499 9386 9432 9595 7914 7832 7866 8064 7978 8026 7530 7556 7720 8592 8473 8742
60 6671 6577 6853 6773 6388 6317 6484 6482 7193 7479 7385 6969 6912 6932 7162 5406 5333 5565 5478 5105 5022 5043 5186 5968 6117 5743 5660 5809 5788 9147 9092 9299 9256 8862 8814 8806 8940 8973 9782 9819 9866 9396 9378 9642 9664 9589 7930 8081 7973 7613 7519 7544 7765 7789 7660 8577 8444 8489 8615 1498
63 6672 6572 6758 6401 6279 6324 6553 6413 7306 7453 7370 7411 7027 7144 7064 7102 5427 5445 5376 5612 5496 5524 5155 5071 5183 5203 6034 5977 6118 6137 5740 5781 5862 5818 9181 9131 9334 9339 9263 8813 9056 8937 8921 9766 9924 9912 9457 9379 9673 9556 9606 9578 7940 8072 8089 7987 7625 7571 7742 7716 8523 8448 8681
59 6673 6566 6806 6779 6349 6381 6293 6433 7293 7320 7430 7383 6960 6909 6950 7159 7032 5462 5576 5497 5080 5067 5306 5174 6046 5939 6194 6160 5779 5674 5917 9166 9205 9125 9309 9374 8840 8757 9005 8972 9771 9701 9962 9874 9907 9524 9416 9532 9585 7890 7852 8111 7595 7555 7793 7723 8561 8477 8184
56 6674 6608 6753 6333 6270 6316 6518 6449 7307 7192 7459 7498 7395 6938 7177 7037 5421 5360 5500 5513 5035 5060 5056 5289 6045 5986 6136 5763 5690 5889 5840 9124 9303 9342 9264 8833 8883 8993 8965 9839 9758 9986 9850 9519 9640 9536 7896 7827 8099 7607 7536 7554 7787 7708 8440 8687
57 6675 6624 6802 6722 6391 6263 6529 7274 7202 7494 7419 6898 7140 7051 5464 5380 5594 5538 5096 5004 5283 6050 5963 6222 5742 5650 5888 5813 5834 9066 9111 9239 8890 8875 8765 8987 8909 9833 9697 9958 9863 9902 9454 9389 9655 9594 7837 7881 8060 7980 7648 7746 7786 8538 8471 8452 8693
61 6676 6585 6832 6840 6760 6286 6513 6437 6458 7317 7248 7433 7478 7409 6887 6918 7067 5408 5441 5569 5598 5140 5030 5260 5308 5206 5943 6203 6237 6165 5636 5865 5832 9204 9101 9311 9234 8885 8826 8923 9692 9754 9740 9876 9487 9385 9668 9549 7907 7968 7872 8057 7997 8028 7641 7503 7564 7666 8557 8709 8667
52 6677 6583 6804 6795 6382 6521 6432 7268 7203 7484 7029 7125 5405 5343 5579 5533 5082 5049 5276 5166 5213 6077 6001 6174 6133 6138 5646 5702 5933 9164 9063 9302 9287 8836 9011 8912 9768 9720 9947 9881 9521 9426 9554 7927 7830 8007 7582 7510 7550 8541 8439 8655
59 6678 6869 6748 6737 6775 6374 6296 6544 6470 7209 7435 7361 6989 6904 6933 7135 7096 5403 5381 5570 5495 5151 5040 5274 5210 5969 6232 6161 5765 5670 5828 9100 9333 9237 9259 8834 8794 9054 8971 9824 9955 9877 9890 9448 9682 9570 8750 7908 7851 7986 7576 7772 7791 7726 8574 8446 8511 8686 8420
55 6679 6570 6815 6345 6295 6418 7344 7470 7390 7018 7168 7073 5420 5370 5471 5102 5006 5237 5157 6076 5984 6233 5730 5775 5664 5863 5902 5851 9218 9331 9347 8853 8785 8986 8913 9772 9761 9872 9884 9495 9418 9676 9557 9575 7846 7824 8044 7586 7563 7551 7683 8587 8498 8727 3856
61 6650 6600 6618 6843 6783 6277 6499 6422 7267 7222 7434 7415 6967 7006 7129 7059 5392 5348 5328 5568 5530 5023 5270 5172 6090 6011 6217 6110 5724 5639 5901 5835 9191 9357 9288 8839 8770 8807 8939 8956 9827 9726 9925 9973 9869 9515 9510 9422 9659 9580 7845 8079 8040 7643 7534 7795 7661 8464 8746 8613 8226
58 6641 6612 6803 6749 6337 6262 6486 6465 7333 7218 7441 7480 6961 6882 6923 7158 5412 5467 5355 5615 5624 5083 5152 5075 5177 6048 5979 6109 5720 5663 5701 5872 5810 5837 9197 9298 9253 8773 9057 9789 9713 9751 9985 9477 9435 9588 7961 8080 8061 8009 7621 7559 7778 7729 8534 8495 8740 8139
58 6642 6567 6808 6782 6334 6302 6546 6415 7269 7194 7254 7456 7469 7401 6876 7141 7043 5417 5451 5313 5583 5535 5136 5052 5293 5171 6025 6009 6096 5772 5656 5878 5839 9155 9318 9242 9285 8852 8781 9002 8952 9716 9946 9852 9506 9430 9561 7928 7883 7989 8014 7639 7513 7771 8517 8438 8678 8623
56 6643 6596 6579 6615 6792 6276 6297 6531 6452 7227 7461 7360 6883 7155 7083 5378 5621 5494 5512 5078 5277 5165 5973 6234 6166 5734 5631 5882 5915 9143 9214 9326 9370 8848 8895 8758 9033 9836 9745 9926 9847 9405 9421 9613 9584 7937 8075 8021 7578 7562 7803 7701 8468 8482 8704 8405
59 6644 6590 6827 6727 6269 6514 6421 6454 7207 7247 7458 7372 7393 6958 6892 6931 7109 5419 5330 5613 5088 5127 5236 5223 6088 5951 6181 6126 5708 5756 5866 5850 9106 9371 9282 8832 8985 9037 8969 9834 9703 9923 9920 9466 9433 9654 7912 7959 7945 8049 8035 7598 7627 7756 7689 8543 8479 8607 8434
56 6645 6639 6754 6362 6393 6523 6475 7273 7443 7472 6964 7130 7044 7085 5395 5349 5385 5622 5093 5020 5275 5197 6092 5990 6120 5937 5735 5762 5648 5897 5849 9180 9098 9292 8766 8928 8977 9811 9711 9981 9892 9496 9610 9663 7918 7847 7867 8100 8018 7622 7759 7783 8581 8445 8683 8276
60 6646 6638 6810 6747 6352 6398 6512 6442 6479 7260 7499 7388 6995 6893 7167 7079 5404 5342 5623 5502 5514 5150 5053 5167 5200 6028 5971 5994 6107 5710 5744 5695 5885 5873 5935 9141 9069 9340 9260 8902 8808 9024 8982 9792 9718 9953 9972 9525 9443 9680 9608 7831 8096 7985 8023 7542 7659 8527 8707 8596
52 6647 6622 6850 6734 6405 6292 6500 6474 7308 7447 7358 6954 6930 7172 7046 5402 5384 5504 5144 5015 5303 6035 5940 6206 6245 6147 5757 5686 5913 9185 9368 9293 8837 8784 8821 9028 9770 9760 9969 9462 9446 9677 9540 7963 7869 8062 8088 7601 7538 7790 8566 8513
57 6648 6823 6791 6350 6377 6318 6444 7335 7201 7444 7367 7357 6955 6935 7036 7074 5409 5357 5552 5488 5527 5116 5245 6079 6064 6006 6236 6226 6168 5747 5684 5782 9068 9284 8874 8804 9059 9787 9809 9722 9987 9974 9460 9382 9645 7915 7842 7853 8033 7529 7574 7734 7732 8540 8466 8492 1338
66 6649 6584 6597 6636 6862 6730 6776 6260 6425 6875 7216 7256 7371 7413 6974 6908 7131 7063 7108 5341 5354 5490 5153 5054 5285 5216 6085 6061 5955 6201 6189 6219 6095 6141 5657 5694 5899 5796 5833 9187 9126 9247 9276 8896 8763 8797 8980 9813 9729 9975 9846 9898 9501 9411 9672 9590 7951 7874 8106 8017 7631 7540 7740 7721 8562 8731
62 6680 6609 6865 6854 6347 6386 6289 6502 6476 7301 7240 7417 6901 7111 7090 5413 5372 5571 5608 5592 5477 5106 5011 5302 5222 6031 5976 6211 6159 5738 5667 5919 5823 9190 9084 9359 9296 8800 8936 9785 9746 9845 9458 9520 9439 9683 9566 7934 7875 8066 8003 7654 7558 7757 7679 7688 7733 8522 8443 8705 8730 8217
60 6651 6818 6847 6330 6312 6540 6461 7330 7190 7448 7439 7463 7403 6991 6896 6919 7171 7164 7092 5425 5346 5610 5518 5014 5051 5290 6039 5962 5985 6216 5712 5634 5861 5846 9188 9123 9352 9277 8904 8790 8984 9826 9741 9915 9523 9395 9612 9652 9579 7939 8059 7981 7596 7632 7567 7690 7717 8582 8469 8679
51 6652 6599 6607 6845 6400 6301 7303 7244 7352 7028 7008 6939 7119 7153 5444 5618 5079 5018 5297 5178 5226 6060 5949 6228 5739 5669 5817 5829 9179 9072 9341 9267 8820 9020 9034 9799 9750 9964 9459 9407 9550 7943 8093 7646 7570 7780 8554 8583 8472 8732 8722
53 6653 6633 6844 6395 6256 6561 7211 7235 7368 6987 6949 7147 7061 5424 5338 5318 5572 5481 5098 5124 5239 5224 5982 6190 5706 5698 5932 9144 9088 9114 9367 9230 8892 8774 9021 8945 9793 9714 9844 9914 9434 9648 9558 9582 7813 8114 7583 7738 7774 7663 8555 8507 8721
55 6654 6602 6751 6373 6306 6556 7299 7217 7378 7389 6965 6903 7133 7070 5437 5322 5596 5486 5112 5119 5062 5272 5176 5233 6066 6239 5761 5628 5896 5936 9176 9194 9128 9348 8838 8876 9015 9032 9843 9690 9983 9468 9438 9674 9537 7917 7826 7868 8103 7526 7736 7696 8584 8509 8712
57 6655 6627 6811 6788 6392 6323 6527 6440 7289 7311 7442 7355 6998 6916 7112 7038 5393 5447 5587 5522 5129 5244 5232 6056 5965 6012 6214 5768 5629 5680 5914 9159 9064 9129 9238 8851 8868 8994 9039 8919 9804 9727 9878 9526 9643 9538 7919 7817 8058 8029 7616 7546 7776 7718 7711 8503 8718
57 6656 6605 6856 6731 6332 6403 6266 6488 6423 7328 7263 7365 6963 6915 7115 7050 7082 5448 5616 5475 5142 5156 5301 5228 6078 5967 5981 6172 6162 5716 5898 5783 9150 9192 9364 8894 8756 8990 9029 8981 9778 9937 9968 9474 9508 9651 7923 7857 7990 8015 7642 7629 7807 8544 8467 8451 8208
59 6657 6819 6872 6742 6365 6505 6560 6416 7295 7223 7468 7382 6992 6880 7180 5459 5438 5574 5492 5521 5143 5008 5182 6020 6091 5987 6244 6151 5632 5675 5926 5858 9146 9085 9135 9236 8778 8811 9046 8910 9786 9818 9732 9994 9910 9398 9649 9592 7956 7855 8092 7604 7630 7741 7687 7713 8590 8676 8599
57 6658 6621 6851 6787 6360 6253 6311 6551 6445 6462 7339 7253 7474 7021 6877 7176 7047 5428 5455 5562 5499 5099 5133 5048 5181 5625 5998 6208 6128 5769 5679 5785 9151 9132 9248 8829 8879 8818 8791 9035 8962 9755 9922 9913 9437 9445 9565 7900 7885 8116 8027 7812 7532 7553 7719 8499 8260
57 6659 6611 6857 6784 6366 6282 6503 6536 7266 7214 7199 7440 7399 6888 7181 7068 5429 5553 5493 5104 5061 5300 6043 6069 6175 6144 5705 5659 5883 5859 5857 9090 9115 9251 8841 8769 9050 9776 9752 9965 9882 9906 9528 9397 9650 9571 7891 7822 8085 8000 7523 7799 7730 8532 8494 8672 8216
62 6709 6634 6859 6736 6375 6506 6533 6411 7265 7228 7476 7384 6968 6889 7186 5418 5463 5375 5602 5520 5154 5256 5220 6084 6198 6114 6103 6148 5644 5682 5931 5855 9154 9081 9110 9250 8859 8764 9060 8941 8979 9723 9941 9905 9483 9383 9623 9551 9598 7901 7849 7878 8054 8122 8039 7655 7808 7705 8537 8573 8703 8131
58 6700 6623 6868 6732 6339 6258 6490 6557 7270 7229 7346 7022 6878 7122 7103 5446 5582 5619 5544 5033 5063 5055 5159 5959 6238 6105 5704 5662 5887 5900 5848 9177 9203 9095 9322 9338 9273 8776 8792 8927 8976 9805 9702 9927 9848 9464 9390 9653 9543 7936 8070 8008 7521 7792 8552 8461 8487 8643
59 6701 6614 6867 6756 6336 6314 6497 6439 7302 7321 7462 7359 6970 6902 6921 7151 7104 5430 5443 5611 5026 5278 5214 6082 5964 6173 6215 6101 5726 5633 5819 9099 9354 8903 8759 9023 9025 8955 9816 9733 9993 9857 9473 9530 9387 9429 9555 7926 7821 8105 7610 7535 7569 7761 7664 8125 8463 8708 8619
56 6702 6821 6743 6383 6545 6428 7327 7221 7236 7351 6979 6899 7139 7166 7095 5411 5325 5473 5126 5076 5196 6058 5983 6131 6134 5752 5894 5843 9167 9071 9118 9297 9233 8891 8789 9019 8942 9796 9781 9695 9957 9491 9392 9635 9601 7935 7825 7999 7591 7557 7810 7665 7710 8589 8490 8745
55 6703 6598 6617 6750 6376 6555 6447 7210 7427 7364 7392 6952 7052 5391 5361 5506 5059 5307 5173 5947 6246 6129 5729 5649 5673 5908 5797 9163 9117 9361 9223 8849 8880 9014 8925 9774 9712 9737 9936 9886 9388 9628 9596 7913 7948 8048 8098 8032 7587 7577 7797 7714 8556 8504 8616
58 6704 6820 6739 6359 6340 6271 6261 6430 7297 7455 6972 7145 5433 5580 5591 5141 5258 5279 5230 6017 5946 6191 6115 6135 5755 5691 5868 5794 5824 9216 9219 9245 8861 8782 8822 9051 8907 9801 9721 9988 9979 9919 9376 9450 9684 9597 7902 8063 8031 7608 7647 7504 7547 7782 8551 8476 8512 8595
59 6705 6606 6842 6755 6369 6300 6539 6466 7331 7205 7491 7349 7404 7012 6934 7148 7107 5466 5371 5557 5541 5095 5132 5243 5158 6021 5988 6227 6157 5881 5911 5827 9211 9120 9246 8873 8824 8938 9788 9841 9689 9990 9921 9478 9415 9618 9552 9604 7929 7932 7863 8001 7617 7766 7693 8547 8459 8698 1064
58 6706 6575 6801 6785 6342 6299 6528 6453 7226 7429 7353 7015 6924 7120 7094 5423 5321 5548 5543 5122 5037 5057 5292 5185 6041 5956 6176 6220 5728 5638 5927 5792 9209 9130 9360 9227 8858 8828 9008 9041 9765 9747 9989 9849 9509 9681 9568 7950 7933 8067 8121 7581 7645 7762 7667 8572 8480 8175
62 6707 6628 6841 6353 6283 6308 6516 6534 7340 7233 7426 7377 6981 7001 6922 7126 7040 5415 5344 5606 5600 5539 5113 5013 5253 5282 5215 6074 5950 6183 6249 6154 5722 5699 5912 9165 9080 9301 9261 8823 8997 8935 8959 9820 9942 9879 9490 9409 9627 9661 7897 7864 7972 7603 7623 7508 7801 7700 8588 8454 8491 8649
53 6708 6800 6354 6384 6509 6427 7312 7495 7412 7025 6942 7116 7045 5426 5329 5584 5101 5021 5072 5299 5211 6199 6142 5643 5876 5790 9173 9082 9330 9221 8846 8884 8795 9030 8978 9724 9938 9911 9481 9502 9657 7922 7829 8050 7995 8019 7653 7545 7658 8518 8501 8684 8262
58 6699 6798 6769 6265 6496 6483 7326 7231 7466 7011 6927 7065 7097 5458 5317 5564 5542 5109 5016 5050 5249 5170 6052 6070 6197 6224 6098 6169 5748 5688 5799 9199 9078 9343 9280 8866 8761 8917 9375 9815 9753 9935 9977 9465 9647 9546 7924 7848 7873 8115 8043 7590 7511 7769 7752 7673 8533 8713
61 6710 6574 6610 6849 6762 6402 6303 6537 7304 7197 7431 7362 6988 6937 7121 7105 5449 5373 5368 5480 5137 5134 5044 5298 6018 5938 5995 6242 6163 5766 5647 5875 9160 9067 9332 9258 8886 8815 9042 9797 9831 9698 9763 9976 9479 9497 9447 9636 9567 9572 7834 7856 8047 8010 7634 7568 7749 7727 8456 8484 8720
59 6711 6565 6744 6343 6252 6526 6446 7324 7250 7380 7030 6907 7136 7048 7084 5432 5387 5365 5472 5517 5007 5192 6053 5954 5991 6106 6171 5655 5920 5795 9202 9083 9319 9314 9257 8887 8751 8992 9038 8947 9840 9951 9891 9516 9500 9531 9671 9541 7962 7814 7993 7585 7528 7739 7724 8579 8485 8741 8651
63 6712 6601 6863 6752 6766 6275 6320 6541 6420 6456 7282 7224 7239 7369 7394 7013 6881 7114 7160 7080 5400 5347 5353 5483 5087 5120 5069 5309 6055 6010 6119 5651 5867 5791 9170 9091 9109 9355 9225 9283 8780 9016 8943 8960 9696 9764 9867 9908 9476 9504 9420 9535 7921 7953 8071 8117 8036 7606 7549 7676 8525 8694 8631
57 6713 6620 6809 6780 6361 6315 6543 6412 7300 7215 7490 7374 6973 6994 7170 7163 5414 5326 5597 5146 5235 5193 6087 6207 6240 6150 5703 5672 5816 5844 9169 9140 9102 9349 8860 8787 9053 9835 9708 9738 9939 9870 9899 9493 9425 9685 7893 7871 7998 8034 7525 7516 7744 7674 8520 8508 8630
50 6714 6817 6735 6379 6264 6464 7246 7350 6913 6944 7098 5407 5389 5489 5100 5019 5263 5287 6057 6122 5774 5685 5869 5910 9174 9073 9116 9300 9062 8812 9031 8963 9832 9699 9933 9854 9467 9380 9616 9686 9591 7906 7969 8112 8011 7620 7779 8531 8496 8203
56 6715 6569 6860 6757 6759 6368 6307 7286 7338 7261 7483 7345 7017 6890 6947 7169 7041 5337 5377 5561 5528 5107 5135 5255 5281 5191 6075 6000 6178 6102 5778 5652 5923 5856 9156 9108 9224 8870 9018 8946 9717 9932 9860 9412 9427 9658 7957 7877 8002 7611 7515 7680 7707 8576 8680 8725
58 6716 6834 6858 6789 6389 6278 6510 6434 6419 6457 7279 7251 7376 7410 7014 6946 7161 7056 5457 5567 5519 5131 5262 5219 6063 5961 6196 6218 5736 5677 5877 5808 9178 9097 9363 8864 8768 8802 9036 8983 9810 9743 9963 9903 9408 9632 9670 9600 7941 7828 8087 8013 7501 7735 7672 8575 8700 8748
60 6717 6587 6822 6852 6761 6267 6504 6431 6468 6463 7283 7191 7493 6980 6906 7173 7062 5410 5345 5363 5620 5545 5086 5017 5248 5190 6036 6007 6243 6097 5723 5777 5641 5801 9208 9134 9305 9244 9268 8783 9013 8934 9780 9688 9950 9966 9513 9399 9620 7892 7823 8086 8005 7594 7517 7802 7692 7709 8474 8710
55 6718 6595 6826 6837 6765 6378 6559 7280 7257 7492 7418 6914 7150 7091 5331 5358 5593 5516 5147 5005 5268 5175 6040 6072 6205 6130 5714 5642 5678 5904 9207 9112 9346 9289 8845 8817 8922 9767 9945 9978 9472 9507 9614 7920 7955 7862 8006 8025 7628 7773 7675 8516 8569 8677 8661
59 6690 6836 6740 6356 6394 6517 6451 7296 7281 7188 7238 7438 7381 7026 6885 7123 7087 5359 5507 5526 5128 5042 5180 5209 5989 6184 6156 5733 5750 5683 5871 5805 9171 9074 9328 9286 8843 9000 9790 9814 9756 9931 9861 9529 9505 9384 9646 9607 7876 8091 8041 7638 7505 7754 7777 7699 8586 8673 8600
60 6681 6613 6861 6562 6273 6491 6558 6460 7322 7262 7460 7407 7023 6948 7055 5396 5366 5482 5092 5041 5296 5179 5225 6083 5952 6230 5713 5780 5696 5925 5838 9195 9076 9365 9220 8854 8877 8810 8989 8958 9691 9731 9871 9889 9480 9522 9401 9644 9599 7944 7860 8110 7983 7584 7624 7753 7681 8521 8457 8696
59 6682 6604 6871 6781 6764 6325 6485 6471 7315 7487 7387 7002 6936 7152 5399 5316 5383 5364 5498 5536 5034 5234 5204 6023 5970 6200 6112 5719 5665 5916 5852 9210 9086 9075 9335 9240 9228 9262 8889 8777 9009 8926 9791 9709 9940 9484 9417 9569 9577 7816 8090 8016 7650 7566 7809 7702 8528 8701 8149
53 6683 6568 6631 6724 6274 6524 6469 7309 7486 7421 6957 7003 7117 7106 5456 5315 5367 5554 5595 5511 5029 5269 5189 6086 5953 6152 5645 5697 5820 9153 9127 9372 9281 8775 8825 9048 8920 9715 9943 9896 9413 9419 9679 9562 7931 8078 8102 7636 7805 7686 8545 8475 8733
58 6684 6594 6571 6838 6728 6344 6268 6305 6542 6480 7336 7264 7450 6976 6945 7179 5398 5379 5491 5090 5064 5310 5195 6024 6014 6125 5754 5922 5825 9196 9138 9313 9252 9272 8779 8819 9012 9058 9800 9736 9991 9851 9512 9494 9452 9564 7967 8076 8123 7976 7618 7760 7784 8546 8515 8465 8697 8664
55 6685 6619 6814 6790 6257 6406 6492 6472 7332 7195 7366 6977 6953 7185 5452 5320 5551 5607 5529 5103 5058 5264 5250 5164 6030 5941 6204 6247 5749 5891 5903 5826 9119 9373 9266 8893 8816 8801 8929 9829 9982 9859 9455 9451 9675 9544 7910 7841 7984 7635 7768 8542 8559 8675 8634
60 6686 6586 6603 6870 6357 6255 6550 6481 7277 7342 7259 7489 7402 6959 6911 7175 7060 7069 5374 5605 5312 5138 5012 5163 6081 5992 6153 5741 5661 5687 5893 5847 9158 9093 9337 8855 8872 8995 8930 8914 9783 9823 9934 9853 9485 9431 9615 7960 8052 7994 7614 7619 7507 7541 7781 7697 8568 8478 8597 8388
59 6687 6592 6799 6745 6768 6281 6494 6448 7200 7467 7405 6999 7138 7057 5416 5434 5566 5532 5110 5031 5039 5311 6026 5997 6192 6104 5626 5884 5928 5831 9094 9325 9254 8847 8771 8793 9061 8918 9769 9812 9759 9929 9488 9400 9626 9545 7964 7818 7882 8084 8118 8012 7522 7748 8519 8460 8493 8614 8174
56 6688 6828 6767 6287 6508 6414 7313 7249 7436 7408 6962 6895 7137 7156 7071 5435 5327 5575 5590 5484 5149 5261 5161 5218 6049 5942 6213 5773 5760 5676 5853 9152 9193 9113 9358 8830 8755 8805 9795 9710 9944 9999 9909 9482 9391 9553 7958 8068 8004 7597 7518 7662 8536 8470 8738 8660
61 6689 6581 6573 6874 6794 6387 6288 6493 6429 7271 7446 7471 7019 6943 6929 7149 7089 5422 5431 5323 5573 5599 5139 5032 5251 5169 5212 6062 5996 5993 6187 5725 5746 5666 5929 7500 9183 9320 9351 9274 8901 8988 8951 9806 9868 9475 9514 9441 9630 9609 7916 7815 8108 7979 7593 7543 7798 7785 8549 8564 8682
54 6640 6564 6824 6726 6770 6280 6525 7292 7319 7437 7356 7020 6926 7184 7066 5436 5559 5601 5084 5074 5240 5227 5966 6003 6229 6170 5721 5637 5907 9201 9321 9229 8835 8796 9049 8953 9838 9749 9864 9456 9403 9641 9548 7838 8051 8030 7637 7527 7552 7804 7698 8524 8594 8747
57 6691 6807 6771 6404 6501 6443 6455 7329 7252 7457 7375 6985 7005 6920 7054 7072 5465 5469 5547 5515 5118 5001 5267 5280 5187 6038 6065 6002 6108 5658 5864 5784 9142 9198 9327 9356 9278 8850 8752 9026 8950 9739 9967 9893 9440 9542 7839 8069 7971 7599 7651 7767 7775 8529 8510 8739 8628
61 6692 6830 6733 6367 6272 6291 6519 6467 7325 7232 7425 6986 7031 7076 5440 5560 5501 5145 5068 5271 5291 5201 6059 6005 6182 6235 6124 6146 5707 5745 5879 5806 5830 9217 9079 9304 9255 8897 8803 8966 9794 9808 9952 9917 9527 9428 9547 7949 7833 8082 7988 8022 7520 7575 7694 7722 8550 8450 8735 8369 1624
56 6693 6588 6616 6772 6284 6259 6495 6410 7334 7213 7196 7451 7414 6993 7132 7058 5454 5351 5581 5479 5117 5241 5221 6044 6089 6008 6177 6111 5776 5890 9161 9122 9345 9291 8881 8809 9044 8908 8954 9700 9971 9489 9518 9444 9678 7898 7844 8055 7977 7579 7560 7811 7657 8553 8505 8717
59 6694 6825 6848 6348 6399 6321 6438 7314 7449 7348 7398 7016 6886 7143 7042 5336 5555 5508 5089 5009 5247 5205 6073 6202 6212 6140 5635 5921 5802 5821 9213 9096 9241 9265 8898 9017 8999 8944 9798 9748 9949 9995 9883 9486 9503 9377 9625 9666 9605 7894 8053 7974 7531 7788 8526 8486 8691 8430 1790
58 6695 6833 6839 6725 6796 6380 6322 6487 6530 7278 7189 7475 7396 7004 7142 7077 5450 5324 5589 5115 5123 5266 5295 5160 6032 5975 6123 5767 5640 5895 5812 5842 9087 9317 9369 9231 9295 8863 8767 9055 8968 9777 9694 9744 9865 9469 9410 9629 7925 7886 8104 8024 7652 7737 7706 8560 8706 8737
62 6696 6593 6632 6873 6720 6390 6507 6554 6424 7290 7337 7204 7454 7187 6990 6897 6928 7182 7081 5352 5540 5114 5036 5252 6027 6210 6132 6145 5671 5814 9157 9107 9329 9294 8888 8878 8998 9027 8970 9802 9807 9757 9980 9897 9402 9619 9665 9603 7965 7840 7859 8077 7991 7600 7539 7750 7671 7712 8462 8453 8685 8356
53 6697 6637 6812 6729 6329 6309 6478 7316 7473 7420 6940 7110 7101 5453 5550 5470 5085 5077 5294 5168 6016 6013 6121 5718 5653 5803 5822 9148 9133 9226 8772 9022 8949 9706 9996 9894 9394 9423 9637 9563 7899 7819 8095 7996 7615 7537 7806 7669 8578 8442 8699 8743 8406
59 6698 6719 6738 6346 6290 6538 7305 7219 7245 7482 7354 6997 6891 7157 5394 5335 5586 5487 5091 5038 5259 5217 6019 6093 6180 6225 6164 5715 5700 5800 5854 9145 9070 9316 9344 8867 9010 8916 8948 9821 9960 9998 9687 9442 9669 9534 9587 7966 7861 7970 7592 7565 7745 8539 8458 8455 8711 8654 4148
56 6591 6835 6741 6385 6327 6522 6535 7298 7225 7424 7373 6978 6925 7165 7086 5334 5386 5585 5534 5025 5045 5162 6054 5948 6094 6116 6100 5689 5886 5905 5793 9172 9184 9105 9362 8842 9004 8974 9837 9928 9895 9638 9662 7909 7879 8094 7580 7512 7764 7684 8530 8591 8447 8514 8702 8185
54 6582 6816 6338 6298 6426 6473 7343 7428 7397 6996 6879 7146 7183 7099 5314 5588 5509 5010 5242 5286 5207 5958 6179 6099 5717 5892 5811 9162 9186 9307 9271 8882 8991 8964 9719 9930 9887 9517 9631 9560 9583 7946 7854 8113 7982 7612 7626 7572 7800 7682 7725 8571 8441 8689
