8 3696 7768 1723 9158 3099 9998 2719 603
9 8640 7512 7372 3453 8761 4433 1448 1035 7496
6 6252 2230 3191 5660 6306 3158
6 7463 658 150 6454 9027 5226
7 7109 4164 2031 8523 2534 9755 2617
8 7399 2791 4673 4705 6989 4853 4578 3048
10 88 7435 9320 6567 4940 6593 4211 9384 7201 1680
7 84 3208 3403 8747 161 4498 8199
9 1757 5213 2642 6340 3232 3895 4073 3980 888
9 1560 7186 328 4720 4007 4584 793 9162 9791
9 2920 9347 8462 2731 1937 5062 6495 8526 706
7 5018 1323 5480 9804 8851 153 3244
8 4435 3575 7574 4652 8245 8460 8946 8230
8 4377 5948 5996 6413 5584 509 3447 3517
8 5868 4583 3821 3058 2771 9553 9739 4178
8 8292 5743 5748 3566 2394 2945 3920 9600
7 4008 1372 9282 6316 2591 7604 4755
7 1543 5991 2782 4503 736 1906 8501
8 1066 7711 1121 6856 4497 5176 3856 1385
8 4094 6794 8574 98 4880 3624 6176 6761
9 9313 19 6168 9485 313 3062 1197 3256 1375
9 1335 3049 4112 3073 782 9062 3854 5561 1244
9 2356 2899 9805 35 4607 7271 134 3387 5791
7 7013 4959 1685 3102 4114 7708 1360
8 5440 9463 5214 3906 3524 2407 4669 6229
8 7928 9852 4196 7085 4541 6386 748 6933
10 7965 2424 3779 5120 3783 3493 2035 257 7974 6295
6 6466 2297 5816 1355 3896 7972
7 2949 3294 9965 4016 3227 274 2820
9 3629 4511 1054 6563 4372 8860 3079 9862 7771
10 5970 3655 9602 3921 9751 5724 8987 8755 7832 8762
8 5299 1170 4794 3050 8785 5221 613 9312
8 2519 7140 9267 135 2937 7466 7866 4925
9 9707 739 1177 1949 5799 3290 215 9542 3431
8 2135 9935 2118 6000 6638 3930 4272 3560
8 1209 6139 4635 7867 8110 7169 8540 7753
10 6002 4873 4910 6186 6173 7777 2565 6926 6509 8893
9 1992 7028 277 1186 7730 3075 9697 5618 1093
7 3869 6150 1363 9951 2011 4916 5078
7 719 2957 8037 9077 7560 4097 4923
10 2432 1384 3430 6836 2686 1474 967 953 8778 7181
8 568 5818 4686 3022 5371 2191 5950 5423
8 9393 3651 4630 4405 2665 7872 3010 8717
9 7956 8459 8346 5182 9710 9408 9716 2868 1293
6 1178 5006 1537 7817 5625 5149
8 5335 6502 4624 9769 9410 1820 7904 5633
8 3253 8209 5562 6705 9368 4459 5339 6723
9 2571 2233 7406 4938 8030 3305 3282 8387 3713
8 3580 9046 5710 168 1686 7715 238 2030
9 6783 9406 1142 8554 2041 2076 8638 5778 7623
9 1315 4387 3991 1977 1676 7761 4009 1446 6994
8 9504 4877 1628 1886 8494 4660 1654 562
7 677 9864 1518 4764 3429 9783 3223
7 6403 8548 2077 97 1787 7288 6675
9 2695 1630 3510 9620 9132 4701 7189 7032 3644
9 4078 2603 209 3108 3433 5310 4212 7917 6595
9 187 3276 5295 9871 1239 1531 7178 859 7767
7 1515 2357 3717 6584 7907 614 4210
7 8310 726 6307 9251 819 9967 995
8 6670 5615 8203 3966 2613 6999 9239 9932
9 6412 2714 5507 2235 8298 7275 3635 8006 302
9 7475 7864 8274 2663 6283 2621 1136 1238 5224
7 4525 3358 1276 2368 6231 6847 6792
7 8773 5393 977 5088 8366 149 8949
9 4309 3245 965 2856 8194 2753 2125 195 4545
7 8175 8227 4575 85 5105 6444 8528
7 2581 1406 4703 233 3031 8905 8654
5 6031 481 8192 6769 9599
5 474 3608 7883 7615 4501
8 2465 9820 499 4854 7216 9230 999 7433
10 9976 2942 8784 8464 3615 9242 542 5470 534 1157
10 4379 4546 1010 1777 1496 9222 2086 6622 9431 7017
7 3607 8557 493 2132 3434 7624 8596
10 9847 7687 5517 1986 2250 5838 3499 1720 1851 8861
8 8878 435 1102 7643 8416 129 2269 3456
7 9752 7020 2718 6034 9324 2978 7590
8 2735 9733 4815 1729 5830 2558 6728 5035
9 9084 842 4836 7787 6272 7805 3610 3613 2491
9 7429 6884 8835 7380 5690 3829 2359 386 9786
6 7657 8965 1527 5453 2053 8775
8 4090 1605 9011 2338 1331 7145 5640 220
9 3442 8586 8521 982 7425 6915 2631 9597 8558
8 5693 1860 9543 4035 1458 5155 581 5607
8 672 7455 4935 9815 3879 379 3977 7667
9 6822 1414 4455 7373 7323 4639 3505 8563 9350
9 4494 4260 5699 5351 1436 4773 6204 2155 5354
6 549 3708 4202 9844 8974 1056
9 9619 8149 3910 7243 2916 8094 3507 1976 1080
7 1305 7891 608 2216 8306 9074 2615
7 9563 3147 2825 2640 7926 2024 160
8 6263 477 873 7386 9073 255 242 7519
9 5192 5491 332 5156 5913 2557 1814 1572 2752
7 3055 5227 5636 5892 9964 1464 2430
8 1097 5218 1421 989 1733 2192 4997 9034
10 4601 3540 9691 6360 2382 4024 8998 4800 6505 2257
6 9003 1784 1002 2570 6190 1740
7 2247 2079 697 2112 2997 2842 1626
8 2015 5425 5602 1245 4326 8857 5002 9417
8 4742 5387 2681 5347 5662 9833 1389 6249
8 700 3409 2495 1201 3465 1071 5575 2427
8 423 9402 5089 8823 2852 7754 2433 3132
8 8518 109 9385 3938 3818 4397 366 6371
7 1273 7398 2780 3502 5910 1905 4116
8 8731 8024 6053 9633 4786 7037 1411 2816
8 6689 3333 7927 4107 9949 3098 3592 4614
7 8890 1883 6498 7745 3561 333 868
10 9514 3990 5771 7870 2000 1985 9001 2148 7238 4005
9 2720 1609 2401 6818 7847 9742 7592 836 1131
9 7861 7210 9845 5054 115 1420 4000 1623 7481
8 3090 8302 3092 9562 907 5725 1164 3626
8 713 5727 8328 9575 5050 959 9616 7979
7 6277 8932 9556 9252 5100 3237 3956
7 203 3826 9064 3247 6866 5320 3087
7 5934 1194 7546 5917 7682 2612 1000
10 6901 2589 3024 284 846 7096 7221 8935 3662 3656
8 6815 1984 3263 6729 3345 2057 1624 8002
8 7070 1113 5025 3885 595 9056 8920 5726
6 4679 1697 5428 118 3902 1249
8 5445 5808 409 8995 9028 7132 5524 3886
7 1105 3865 1106 9900 350 1901 2815
8 2883 3138 7236 4645 9612 4457 7976 2070
9 3817 696 2523 7876 8421 1417 434 2876 1327
7 9305 6745 1904 106 9358 5687 9088
8 4059 1407 9255 6842 1487 508 103 8392
7 1138 7287 8309 8348 3165 4357 7591
8 5324 3005 9274 5957 9375 5610 4460 2772
9 1867 789 9666 9104 1587 514 1308 1974 5111
9 4758 2166 9078 5240 3054 9948 2229 8299 7632
7 311 2566 1 6460 5026 5175 8839
4 6381 7114 3362 8303
8 2917 1512 457 4011 7479 2933 8927 2764
10 6706 699 3317 6352 7209 2291 3843 4453 5233 7304
8 7957 3579 5887 3114 2810 1236 547 4817
9 769 6123 6208 210 8530 2966 8764 9958 1659
6 519 1637 2455 6771 9392 7809
7 5717 7325 7379 2075 8904 855 1153
9 4071 7993 5377 4003 832 7276 5441 8169 6311
6 606 7198 2657 476 4027 9661
9 8708 5990 8198 2497 607 3759 4775 9955 3525
8 3549 1773 9944 6703 1947 6578 5728 9891
8 7499 817 6200 6425 7642 281 4312 124
8 1776 9405 1588 8536 2754 9440 7718 3526
8 3307 6485 4194 3475 4477 4550 8738 4484
9 8477 8029 8224 7277 6078 40 1029 441 3350
9 6663 9166 5369 3554 1324 7697 8064 4316 6227
8 5235 8290 1489 3786 4558 8071 5770 5416
9 5300 8783 6410 6634 2776 7971 1283 4517 2002
6 9409 6457 482 5303 3609 3341
9 8950 4208 8573 4404 8546 252 8097 8107 6935
7 3167 3236 9469 3220 178 163 7909
5 563 5954 454 4251 2010
8 9679 567 3461 8766 4636 4236 9533 5961
8 768 6404 6804 6984 6213 8244 576 3523
6 5860 2641 6879 46 7800 4271
6 8758 4352 6357 8186 964 3820
7 8670 2738 7572 2982 6744 3277 410
7 6916 9649 8832 3614 8743 731 2878
6 9888 7156 3396 2212 4019 3884
8 6807 7471 128 152 9604 1748 8971 3041
8 2316 2536 2198 951 6380 9624 4518 3809
9 2061 8848 7446 2442 5622 395 3330 4650 3588
9 5086 5858 6192 6474 4862 5835 9221 1682 6626
7 4058 3249 1970 1460 6719 6684 6667
6 4618 8458 8892 596 6094 5597
9 7929 1228 3989 1843 8034 7746 2373 3503 1173
9 7561 8484 4661 933 5495 9822 2137 4165 8923
10 7401 8055 5516 164 5375 9644 3832 8478 5936 2492
8 2384 1838 1206 8353 6103 2851 5068 1216
9 4855 8489 6206 2881 9018 1643 7368 470 7851
9 273 9920 9012 4396 8695 6838 8669 3927 7559
8 6831 8435 9382 3026 8742 3874 8166 9211
9 9325 6329 8978 5757 6550 8259 3909 8741 9531
8 3444 6529 1524 3680 9033 1117 8061 4474
9 5769 7810 730 5783 3117 4638 3150 3545 1242
9 9140 3596 1869 4228 895 1294 9438 5122 9049
7 4948 7180 7648 9613 1181 3959 7168
7 8703 7612 1564 4050 5091 8809 2650
8 117 9090 442 507 9889 7998 7788 3504
6 7913 1223 506 8116 6683 7405
9 6695 8158 9030 4376 1762 1391 4898 8887 623
9 7040 3257 4109 2967 4986 578 3115 2237 471
8 3855 4781 8902 7226 7732 9208 594 4900
8 3371 6199 8254 1667 546 8126 7844 4823
8 8329 7704 2539 780 6589 9006 3455 9759
9 9675 9452 5920 4029 1168 3211 4235 1786 4022
8 6198 1593 245 290 1281 1583 9541 8900
5 9449 9105 572 8288 4941
8 4307 2436 5540 7172 6512 2667 9351 2371
8 375 6189 2736 7248 189 384 1435 954
8 1040 1024 3947 8816 3760 7898 3711 8332
8 222 902 9744 4613 3124 7727 5786 8215
7 1005 9473 3541 6392 1746 6610 8251
8 9550 5307 5663 7882 369 7142 8304 3749
8 3555 1803 4137 8403 1338 8307 6318 7
8 1135 3311 5955 2140 5952 6696 7192 1704
6 3578 1959 8188 5099 4978 3889
8 5424 1013 9869 2167 6313 5630 3630 9648
8 4894 3148 6951 4291 1459 2909 8863 6084
9 920 9052 41 9743 2304 2045 9240 4188 2363
7 9799 8021 8157 9190 4400 1188 5071
9 2559 4706 9636 8868 3119 9381 777 8532 5110
8 6541 6658 3068 9579 4256 6056 2144 3383
9 961 8376 248 4782 2900 5679 5564 6339 5850
8 372 6924 4863 8079 3194 2693 592 5331
8 7952 1734 6245 4629 6270 4552 5073 5979
6 3654 2838 5620 7411 5664 2936
8 24 5358 7580 1430 8937 2054 4075 7725
6 2869 3640 364 2044 2204 8349
10 8962 3197 4255 4826 6538 9458 4074 4290 2943 5987
9 4637 3196 4299 9524 2741 7532 1337 9448 9885
8 4150 4693 9813 7683 5228 9741 958 6632
9 6115 7889 9806 9657 6886 9075 6106 1486 1594
9 3988 3951 9874 8682 6062 7516 5373 6600 9099
7 5885 3546 3291 2653 8051 6830 8280
7 541 8262 8440 8419 3439 8491 7581
8 4143 2788 4154 4666 9177 1383 7302 390
8 6228 8736 7638 8637 3663 3451 3086 4671
8 622 5856 4285 881 5914 4263 6105 336
8 1833 7108 2440 7239 2388 5039 6014 7980
8 6961 6877 5541 8831 1631 8895 9877 1615
8 29 4984 6304 1326 9100 6178 322 6623
8 1664 2538 8207 9492 2732 2630 9250 2620
8 55 4428 2074 8796 8951 8014 1953 8365
7 9523 7948 3368 5701 2804 6226 446
8 9216 6747 3129 640 2323 4971 5767 5916
6 9283 627 1804 6446 1152 8253
8 4842 6849 6202 7312 5422 4278 4688 548
9 2576 2006 7631 615 7628 2404 6391 6086 7828
7 4346 5875 8786 3199 6762 5550 2887
8 1888 4537 8338 3842 9655 6619 5157 1744
8 734 6558 47 8772 2209 3595 5463 9311
7 3149 3918 5983 9512 6301 8997 3153
7 7119 7116 8285 6643 8109 7206 8572
6 4214 2426 6420 9002 7684 6539
8 7862 2975 9130 4123 6416 5104 2494 7348
6 157 7575 1508 5298 5512 6520
8 2986 9985 9316 5712 1365 890 6612 2953
9 297 7104 6296 655 7567 5642 6727 6281 7997
7 1978 8020 1208 6422 7659 9674 7182
8 3103 7451 601 531 8815 4647 9865 7814
8 5341 7230 4507 3319 3949 5452 8017 978
8 2912 4414 3557 1873 5238 5608 8567 4488
8 3281 7846 839 5779 5344 8026 4745 4239
7 5716 8792 7097 952 3293 5098 8411
8 957 2512 3512 8093 2434 1259 5956 1713
10 6724 400 825 1500 4205 7912 3155 7781 5363 7093
7 3693 5237 8410 6764 6544 3039 8825
7 2020 1090 3381 6089 1166 2437 1950
8 8395 1651 7666 2635 8665 6114 7978 9336
8 2008 7553 1955 7662 7534 3761 8931 5414
8 8406 864 448 7636 1016 7672 5401 8716
7 5598 6493 5017 984 4356 2863 556
7 3030 3029 2605 6398 3981 6146 7371
9 3471 5654 1260 7668 7315 3750 2452 4468 6154
8 7141 2123 4875 4297 2984 2043 3536 8753
8 8102 2026 3490 3940 524 3948 201 1730
6 8840 9128 4421 9483 1943 4631
9 585 9974 1640 7434 2831 3597 1322 7408 6934
8 268 1689 1267 5756 5267 3694 6527 2038
7 4495 5359 5212 871 6211 3412 8019
8 1353 3459 3875 1755 8973 8909 4378 973
8 8342 7329 9890 9457 1859 6423 6079 3631
6 5406 1192 1233 4564 78 5542
7 5649 4064 9116 8220 5389 4936 5825
6 7640 6735 326 330 4588 9201
9 1528 6740 3354 4250 1902 5844 1924 8165 6918
7 583 9246 8588 7193 7187 6542 7175
8 2941 5112 5535 4957 5374 9826 5705 1092
8 8204 315 4246 4065 9357 8218 4626 6766
8 3025 8425 3334 2305 4658 1880 6775 1225
8 1735 8699 3083 6927 4415 9667 2358 8908
7 5304 9768 5829 7785 286 4856 6517
7 4829 1221 9832 8687 26 262 5784
7 741 8713 8088 2178 8598 4082 2487
8 5381 8629 5686 6261 2527 6104 6948 571
7 9979 3424 9144 6648 4491 5527 8824
6 8559 2711 9795 1817 21 9726
8 6321 9685 4207 2799 6344 304 1622 4961
8 3743 9459 6255 4441 5329 7402 2334 9184
7 9581 5510 9927 1792 9659 2294 4077
9 1269 9996 2399 7922 3532 2769 5249 1696 6011
6 6039 498 9570 7305 3234 4425
8 8520 3104 7086 9419 1846 4340 7723 5873
7 3457 7585 6128 3784 3285 8076 9069
8 8728 9595 6536 5158 7256 6157 2308 4771
7 4687 1530 439 4806 9539 1822 5333
8 3564 2928 2425 5170 544 517 8810 6315
6 580 513 9705 5503 9377 9488
8 6649 8323 5777 2470 8058 4067 2454 455
8 61 9087 9586 1797 4398 5117 5084 4193
7 4788 9495 6718 2333 2362 2758 4732
7 5161 271 306 3082 7755 8048 4719
9 6456 8277 318 4245 3215 2290 2636 8141 9404
8 8179 3160 9830 1684 9647 7542 2443 5842
7 6952 368 1352 5033 4692 632 5661
6 7877 4170 3066 3701 5903 1277
8 7799 8979 2537 5815 7679 3308 3359 6624
8 489 3170 3188 6503 6346 6134 6187 7105
9 9207 9306 1218 8940 9972 1179 6363 8569 299
6 8184 3866 5366 8780 8871 2528
9 8420 9137 7637 3116 6374 2034 4265 4122 7951
8 8675 8566 8915 3583 2505 1934 9331 6300
9 6424 6851 3105 5352 9645 7729 1317 9489 2890
5 5245 1973 1399 1855 8364
8 6160 1100 7000 7686 7068 3509 2785 9909
6 7468 7129 3789 969 6810 6289
8 1866 6239 5285 611 2128 2374 2063 5877
8 3692 1635 5554 3666 2160 7806 6995 3407
6 9121 5500 2473 2906 361 8802
8 1993 7428 6409 8768 120 6443 4237 1347
7 3239 7357 9926 5291 9248 4442 5493
7 9901 8426 7255 3740 81 7566 6314
8 7911 8739 2690 267 2979 1069 6396 3198
8 9411 5189 6058 415 9962 9157 3448 5894
7 1563 802 354 6359 9155 5274 1732
9 4882 4200 9628 1580 9135 7113 4634 495 8221
9 5902 7082 9559 4141 3970 2023 4747 7121 8777
7 7229 4223 7874 559 584 492 7641
5 4066 4437 4048 5982 936
7 6965 6752 6327 7698 6274 5353 2389
8 610 2748 6942 4953 659 1736 1824 925
6 2429 8447 2573 9527 3235 2029
7 6633 6159 4920 4887 8151 4982 6637
9 2278 9503 3833 8042 4930 3657 6868 3356 5286
9 2774 4084 1994 1175 8938 9896 5385 2563 1808
7 9020 2784 69 7492 930 2844 8704
6 2418 5034 2033 121 1468 5270
7 9291 2915 9109 1046 3315 5247 2445
6 9626 8073 6029 7110 8500 6545
6 9187 9191 419 3539 9639 8907
6 8509 2422 5566 8504 23 6753
6 4586 6377 9634 7573 2139 3000
7 4644 5621 751 388 2175 9664 7600
8 2327 3849 3816 9179 8228 1292 9643 9119
7 4098 2742 212 8609 8018 776 7160
7 7227 8104 8653 5650 5526 1073 9389
5 6694 7804 9954 8345 9999
7 219 1251 2649 4656 6251 2370 7855
6 2176 5698 8368 1098 912 8201
9 1815 5487 9696 2409 6716 7339 5072 3081 5272
8 3008 3202 4867 4595 9089 8627 1882 5010
8 5222 166 9631 9681 9232 2400 3844 143
8 8271 2963 5711 1913 6962 2218 5754 6690
7 9670 6669 7337 1169 3449 9591 9764
8 2944 6155 7602 1272 2119 8533 4419 4023
7 6361 2511 8991 4318 6081 9994 226
8 3321 7117 1601 7663 2602 538 7720 2853
6 3647 6164 9872 9923 2095 4471
7 8564 2520 7102 2787 6336 4796 4473
6 7716 2335 6196 294 3070 6686
8 113 2143 5626 6615 1182 9911 1296 3246
8 6913 6068 7196 7034 5619 3661 525 1574
6 6607 1674 718 3936 7822 5696
8 3168 6455 8040 7737 127 1679 4620 1540
8 2313 7677 8434 9735 552 1979 8986 1829
10 1724 5060 5282 5732 3038 1509 4858 1946 8442 6500
8 5402 2626 6475 6601 2406 5462 3484 1091
9 6900 3758 6450 5627 8273 4871 8108 3551 2858
7 2507 3384 9297 1693 4089 7024 4678
6 5343 3976 935 9678 8746 2939
9 3667 5572 4830 4602 657 9234 4562 6124 5179
9 554 2293 2904 4869 7856 30 9428 3684 1699
9 7088 5466 6749 4403 4244 9908 2749 1890 9465
6 8587 5332 5511 9379 3413 1577
8 6418 3067 4482 1634 2817 1638 9269 3941
9 9698 9412 1908 3915 1647 5260 7842 5257 9794
7 8698 892 1997 767 4559 4993 9399
9 6780 6004 6125 5593 2059 7562 7918 3076 3084
8 6767 5746 6473 4587 6082 2595 6400 5547
7 6044 5049 5888 5169 1096 6617 4341
7 4056 6786 9289 908 6737 6779 3059
6 2531 6741 2717 5135 1159 6687
7 3410 1030 1963 105 6447 5506 2202
6 5881 7779 5124 1476 7100 8885
8 1879 7224 6012 4409 3258 1395 8013 7349
8 8086 4233 3565 3338 5951 9592 3399 4191
8 8189 8715 2973 7152 177 9584 2189 8972
6 2828 5721 9487 6825 1325 1339
8 1794 6875 9045 1252 5107 4798 6140 4218
7 7849 3176 428 7382 9516 5587 5456
6 394 6756 4088 2600 7633 4301
8 6269 7319 6021 8173 9975 6436 3337 9391
6 6843 3601 2518 2660 5302 764
5 5027 7355 2360 3186 7969
7 7709 874 665 7665 9607 914 9398
8 7188 8449 4807 5656 2343 9479 1982 1107
8 1332 8774 1655 2261 5036 8164 4768 6490
8 4475 3891 199 4101 6009 4456 9193 3730
7 7064 3773 9353 5187 9849 6522 2579
8 8213 7792 9702 2654 2607 2197 6230 8120
7 6912 3594 4366 7924 9302 2873 9916
5 8787 7347 9858 5364 2499
6 3697 8967 3462 9812 1772 2493
7 4536 1625 3602 2745 4086 171 3897
8 6656 4648 3632 4493 7387 1960 2396 6869
5 1227 720 3537 2866 5412
7 2324 661 2896 2857 7488 1011 1089
9 5971 1852 9286 9118 2884 6880 8153 5840 7228
8 6662 1778 5674 9101 5768 8336 7089 5348
7 1447 7314 9640 7579 4371 9287 7820
