100
1000
1000
1000
1000
1001
1001
1001
1001
1001
1001
1002
1002
1002
1002
1002
1003
1003
1003
1003
1003
1003
1003
1003
1003
1004
1004
1004
1005
1005
1005
1005
1005
1005
1005
1006
1006
1006
1006
1006
1007
1007
1007
1007
1007
1007
1008
1008
1008
1008
1008
1008
1008
1008
1009
1009
1009
1009
1009
1009
101
101
101
1010
1010
1010
1010
1010
1011
1011
1011
1011
1012
1012
1012
1012
1012
1012
1012
1012
1013
1013
1013
1013
1013
1014
1014
1014
1014
1014
1015
1015
1015
1015
1015
1015
1015
1015
1015
1015
1016
1016
1016
1016
1017
1017
1017
1017
1017
1017
1018
1018
1018
1018
1018
1018
1018
1018
1019
1019
1019
1019
1019
1019
102
1020
1020
1020
1020
1020
1021
1021
1021
1021
1022
1022
1022
1023
1023
1023
1023
1024
1024
1024
1024
1024
1024
1024
1024
1024
1025
1025
1025
1025
1025
1026
1026
1026
1026
1026
1026
1026
1026
1027
1027
1027
1027
1027
1027
1027
1028
1028
1028
1029
1029
1029
1029
1029
103
1030
1030
1030
1030
1030
1030
1030
1031
1031
1031
1031
1031
1031
1031
1032
1032
1032
1032
1032
1032
1032
1033
1033
1033
1033
1033
1033
1033
1033
1034
1034
1034
1034
1034
1034
1034
1034
1035
1035
1035
1035
1035
1035
1035
1036
1036
1036
1036
1036
1036
1036
1036
1037
1037
1037
1037
1037
1037
1037
1037
1037
1037
1037
1038
1038
1038
1038
1038
1038
1038
1038
1039
1039
1039
1039
1039
104
1040
1040
1040
1040
1040
1040
1040
1040
1040
1041
1041
1041
1041
1041
1041
1041
1042
1042
1042
1042
1042
1042
1042
1042
1042
1043
1043
1043
1043
1043
1043
1043
1043
1044
1044
1044
1044
1044
1044
1044
1045
1045
1045
1045
1045
1045
1045
1046
1046
1046
1047
1047
1047
1047
1047
1048
1048
1048
1048
1048
1048
1048
1048
1048
1048
1048
1048
1049
1049
1049
105
1050
1050
1050
1050
1050
1050
1050
1050
1051
1051
1051
1051
1051
1052
1052
1052
1052
1052
1052
1052
1053
1053
1053
1053
1053
1053
1053
1053
1053
1054
1054
1054
1054
1055
1055
1055
1055
1055
1055
1055
1055
1055
1055
1056
1056
1056
1056
1056
1056
1057
1057
1057
1057
1057
1057
1057
1057
1057
1057
1057
1058
1058
1058
1058
1058
1058
1058
1058
1058
1058
1059
1059
1059
1059
1059
1059
1059
1059
1059
1059
106
1060
1060
1060
1060
1060
1060
1060
1060
1060
1060
1060
1061
1061
1061
1061
1061
1062
1062
1062
1062
1062
1063
1063
1063
1063
1063
1063
1063
1063
1064
1064
1064
1064
1064
1065
1065
1065
1065
1065
1065
1065
1066
1066
1067
1067
1067
1067
1067
1067
1067
1067
1067
1068
1068
1068
1068
1068
1068
1068
1068
1068
1069
1069
1069
1069
1069
1069
107
107
1070
1070
1070
1070
1070
1070
1071
1071
1071
1071
1072
1072
1072
1072
1072
1073
1073
1073
1073
1073
1073
1073
1073
1073
1073
1073
1074
1074
1074
1074
1074
1074
1074
1074
1074
1074
1075
1075
1075
1075
1075
1075
1075
1076
1076
1076
1077
1077
1077
1077
1077
1078
1078
1079
1079
1079
1079
1079
1079
108
108
1080
1080
1080
1080
1080
1080
1081
1081
1081
1081
1081
1081
1082
1082
1082
1082
1083
1083
1084
1084
1084
1084
1084
1084
1084
1084
1085
1085
1085
1086
1086
1086
1086
1086
1086
1087
1087
1087
1087
1087
1087
1087
1088
1088
1088
1088
1088
1088
1088
1088
1088
1089
1089
1089
1089
1089
1089
1089
1089
1089
109
109
1090
1090
1090
1090
1090
1090
1091
1091
1091
1091
1091
1091
1091
1092
1092
1092
1092
1092
1093
1093
1093
1093
1093
1093
1093
1093
1093
1093
1094
1094
1094
1094
1094
1094
1094
1095
1095
1095
1095
1095
1095
1096
1096
1096
1096
1096
1096
1096
1097
1097
1097
1097
1097
1097
1097
1098
1098
1098
1098
1098
1098
1098
1099
1099
1099
1099
1099
110
1100
1100
1100
1100
1101
1101
1101
1101
1102
1102
1102
1103
1103
1103
1103
1103
1104
1104
1104
1104
1104
1105
1105
1105
1105
1105
1106
1106
1106
1107
1107
1107
1107
1107
1107
1107
1107
1108
1108
1108
1108
1108
1108
1108
1108
1108
1109
1109
1109
1109
1109
1109
1109
111
111
1110
1110
1110
1110
1110
1110
1110
1111
1111
1111
1111
1111
1111
1111
1112
1112
1112
1112
1112
1113
1113
1113
1113
1113
1113
1114
1114
1114
1114
1114
1114
1114
1114
1114
1115
1115
1115
1115
1115
1115
1115
1115
1115
1115
1116
1116
1116
1116
1116
1116
1116
1116
1116
1116
1116
1116
1116
1116
1117
1117
1117
1117
1117
1117
1117
1118
1118
1118
1119
1119
1119
1119
1119
1119
112
1120
1120
1120
1120
1121
1121
1121
1121
1121
1121
1121
1122
1122
1122
1122
1123
1123
1123
1123
1123
1124
1124
1124
1124
1124
1124
1125
1125
1125
1125
1125
1125
1126
1126
1126
1126
1126
1126
1126
1127
1127
1127
1127
1127
1127
1127
1127
1128
1128
1128
1128
1128
1128
1128
1129
1129
1129
1129
113
113
1130
1130
1130
1130
1130
1130
1130
1130
1131
1131
1131
1131
1131
1132
1132
1132
1132
1132
1133
1133
1133
1133
1133
1133
1133
1134
1134
1134
1135
1135
1135
1135
1135
1136
1136
1136
1136
1136
1136
1137
1137
1137
1137
1137
1137
1138
1138
1138
1139
1139
1139
1139
1139
114
1140
1140
1140
1140
1141
1141
1141
1141
1141
1141
1141
1141
1142
1142
1142
1142
1142
1143
1143
1143
1143
1143
1143
1143
1143
1143
1144
1144
1144
1144
1144
1144
1144
1144
1145
1145
1145
1145
1145
1145
1145
1146
1146
1146
1146
1146
1146
1147
1147
1147
1147
1147
1147
1148
1148
1148
1148
1149
1149
1149
1149
1149
1149
1150
1150
1151
1151
1151
1152
1152
1152
1153
1153
1153
1153
1153
1153
1153
1153
1154
1154
1154
1154
1154
1154
1155
1155
1155
1155
1155
1155
1155
1156
1156
1156
1156
1156
1156
1157
1157
1157
1157
1157
1157
1158
1158
1158
1158
1158
1158
1159
1159
116
116
1160
1160
1160
1160
1160
1161
1161
1161
1161
1161
1161
1162
1162
1162
1162
1162
1162
1162
1162
1163
1163
1163
1163
1163
1163
1163
1163
1163
1163
1164
1164
1164
1164
1164
1164
1164
1164
1164
1164
1164
1165
1165
1165
1165
1166
1166
1166
1166
1166
1167
1167
1167
1167
1167
1167
1167
1167
1167
1167
1168
1168
1168
1168
1168
1169
1169
1169
1169
1169
1169
1169
1169
1169
1169
117
1170
1170
1171
1171
1171
1171
1171
1172
1172
1172
1172
1172
1172
1172
1172
1172
1172
1173
1173
1173
1174
1174
1174
1174
1174
1174
1174
1174
1175
1175
1175
1175
1175
1176
1176
1176
1176
1177
1177
1177
1177
1178
1178
1178
1178
1179
1179
1179
1179
1179
1179
1180
1180
1180
1180
1180
1180
1181
1181
1181
1181
1181
1181
1181
1181
1182
1182
1182
1182
1182
1182
1182
1182
1183
1183
1183
1183
1183
1183
1184
1184
1184
1184
1184
1184
1184
1185
1185
1185
1185
1186
1186
1186
1186
1186
1186
1187
1187
1187
1187
1188
1188
1188
1188
1188
1188
1188
1188
1189
1189
1189
1189
1189
1189
119
1190
1190
1190
1190
1190
1190
1191
1191
1191
1191
1191
1191
1192
1192
1192
1192
1192
1192
1193
1193
1193
1193
1193
1193
1193
1194
1194
1194
1194
1194
1194
1195
1195
1195
1195
1196
1196
1196
1196
1196
1197
1197
1197
1198
1198
1198
1198
1198
1198
1199
1199
1199
1199
1199
1200
1200
1200
1200
1200
1200
1200
1201
1201
1201
1202
1202
1202
1202
1202
1202
1202
1203
1203
1203
1203
1203
1203
1203
1204
1204
1204
1204
1204
1204
1204
1205
1205
1205
1205
1206
1206
1206
1206
1206
1206
1207
1207
1208
1208
1208
1208
1208
1208
1209
1209
1209
1209
1209
1209
121
1210
1210
1210
1211
1211
1211
1211
1211
1211
1211
1212
1212
1212
1212
1212
1213
1213
1213
1214
1214
1214
1215
1215
1215
1216
1216
1216
1216
1216
1216
1216
1216
1216
1216
1216
1216
1217
1217
1217
1217
1217
1217
1218
1218
1218
1218
1218
1218
1218
1219
1219
1219
1219
1219
1219
1219
1219
1219
1219
1219
1220
1220
1220
1221
1221
1221
1221
1222
1222
1222
1222
1222
1222
1222
1222
1223
1223
1223
1223
1223
1223
1223
1224
1224
1224
1224
1224
1224
1224
1224
1224
1225
1225
1225
1225
1225
1225
1225
1225
1225
1226
1226
1226
1226
1226
1227
1227
1227
1227
1227
1228
1228
1228
1228
1228
1228
1228
1228
1229
1229
1229
1229
1229
1229
1230
1230
1230
1231
1231
1231
1231
1232
1232
1232
1232
1232
1232
1232
1232
1232
1233
1233
1233
1233
1233
1233
1233
1233
1234
1234
1234
1234
1235
1235
1235
1235
1235
1235
1236
1236
1236
1236
1236
1236
1237
1237
1237
1237
1237
1238
1238
1238
1238
1238
1238
1238
1239
1239
1239
1239
1239
1239
1240
1240
1240
1240
1240
1240
1240
1240
1240
1240
1241
1241
1241
1241
1242
1242
1242
1242
1242
1242
1242
1243
1243
1243
1243
1243
1243
1243
1244
1244
1244
1244
1245
1245
1245
1245
1245
1245
1246
1246
1246
1246
1246
1246
1246
1246
1246
1247
1247
1247
1247
1247
1248
1248
1248
1248
1248
1248
1248
1249
1249
1249
1249
1249
1249
1249
1249
1249
1249
125
1250
1250
1250
1250
1250
1250
1251
1251
1251
1251
1251
1251
1252
1252
1252
1252
1253
1253
1253
1253
1253
1253
1253
1254
1254
1254
1254
1254
1254
1255
1255
1255
1255
1255
1255
1255
1255
1256
1256
1256
1256
1256
1257
1257
1257
1257
1257
1258
1258
1258
1258
1258
1258
1258
1258
1259
1259
1259
1259
1259
1259
126
1260
1260
1260
1260
1260
1260
1260
1260
1261
1261
1261
1261
1261
1261
1262
1262
1263
1263
1263
1263
1264
1264
1264
1264
1265
1265
1265
1265
1265
1265
1265
1266
1266
1266
1266
1266
1266
1267
1267
1267
1267
1268
1268
1268
1268
1268
1269
1269
1269
1269
1269
1269
1269
127
127
127
1270
1270
1270
1270
1270
1270
1271
1272
1272
1272
1273
1273
1273
1274
1274
1274
1275
1275
1275
1275
1275
1275
1276
1276
1276
1276
1276
1276
1276
1277
1277
1277
1277
1277
1277
1277
1277
1277
1278
1278
1278
1278
1278
1278
1279
1279
128
1280
1280
1280
1280
1280
1280
1280
1280
1281
1281
1281
1281
1281
1281
1281
1282
1282
1282
1282
1282
1282
1282
1283
1283
1283
1283
1284
1284
1284
1284
1284
1284
1285
1285
1285
1285
1285
1285
1285
1285
1286
1286
1286
1286
1286
1286
1286
1286
1286
1287
1287
1287
1287
1287
1288
1288
1288
1288
1289
1289
1289
1289
1289
1289
129
129
1290
1290
1290
1290
1290
1290
1290
1290
1290
1291
1291
1292
1292
1292
1292
1292
1292
1293
1294
1294
1294
1294
1294
1294
1295
1295
1295
1295
1295
1295
1295
1295
1295
1296
1296
1296
1296
1296
1296
1296
1296
1296
1297
1297
1297
1297
1297
1297
1297
1297
1298
1298
1298
1298
1298
1299
1299
1299
1299
1299
1299
1299
1299
130
130
130
1300
1300
1300
1300
1300
1300
1300
1300
1300
1300
1300
1300
1300
1301
1301
1301
1301
1301
1301
1301
1301
1302
1302
1302
1302
1303
1303
1303
1304
1304
1304
1304
1304
1304
1305
1305
1305
1305
1305
1305
1305
1306
1306
1306
1306
1307
1307
1307
1307
1307
1307
1308
1308
1309
1309
131
1310
1310
1310
1310
1310
1310
1310
1311
1311
1311
1311
1312
1312
1312
1312
1312
1312
1312
1312
1312
1312
1313
1313
1313
1313
1313
1313
1313
1313
1313
1314
1314
1314
1314
1314
1315
1315
1315
1315
1315
1315
1315
1316
1316
1316
1316
1317
1318
1318
1318
1318
1318
1318
1318
1318
1318
1319
1319
1319
1319
132
132
1320
1320
1320
1320
1320
1320
1321
1321
1321
1321
1321
1322
1322
1322
1322
1323
1323
1323
1323
1323
1323
1323
1324
1324
1324
1325
1325
1325
1326
1326
1326
1326
1326
1326
1327
1327
1327
1327
1328
1328
1328
1328
1329
1329
1329
1329
1329
1329
133
1330
1330
1330
1331
1331
1331
1331
1331
1331
1331
1331
1331
1332
1332
1332
1332
1333
1333
1333
1334
1334
1334
1334
1335
1335
1335
1335
1335
1335
1336
1336
1336
1336
1337
1337
1337
1337
1337
1337
1337
1337
1338
1338
1338
1338
1339
1339
1339
1339
1339
1339
1339
1339
134
134
1340
1340
1340
1340
1340
1341
1341
1341
1342
1342
1342
1343
1343
1343
1343
1343
1343
1343
1343
1344
1344
1344
1344
1344
1345
1345
1345
1345
1345
1346
1346
1346
1346
1346
1346
1346
1347
1347
1347
1347
1347
1347
1348
1348
1348
1348
1348
1348
1348
1348
1348
1348
1349
135
1350
1350
1350
1350
1350
1350
1350
1351
1351
1351
1352
1352
1352
1352
1352
1352
1352
1352
1352
1353
1354
1354
1354
1354
1354
1355
1355
1355
1355
1355
1356
1356
1357
1357
1357
1357
1357
1358
1358
1359
1359
1359
1359
1359
136
136
1360
1360
1360
1360
1360
1360
1360
1360
1360
1361
1361
1361
1361
1361
1361
1362
1362
1362
1362
1362
1362
1362
1363
1363
1363
1363
1363
1363
1363
1363
1364
1364
1364
1364
1364
1364
1364
1365
1365
1365
1366
1366
1366
1366
1366
1367
1367
1367
1367
1368
1368
1368
1368
1368
1369
1369
1369
1369
137
1370
1370
1371
1371
1371
1371
1371
1371
1371
1371
1372
1372
1372
1372
1373
1373
1373
1373
1373
1373
1373
1373
1373
1374
1374
1375
1375
1375
1375
1375
1375
1375
1376
1376
1376
1376
1377
1377
1377
1378
1378
1378
1378
1378
1378
1378
1378
1379
1379
1379
1379
138
1380
1380
1380
1380
1381
1381
1381
1382
1382
1383
1383
1383
1383
1383
1383
1383
1383
1383
1383
1384
1384
1384
1384
1384
1384
1384
1385
1385
1385
1385
1385
1386
1386
1386
1386
1386
1386
1386
1386
1387
1387
1387
1387
1387
1387
1387
1387
1387
1388
1388
1388
1388
1388
1388
1388
1388
1389
1389
139
139
1390
1390
1390
1391
1391
1391
1391
1391
1391
1391
1392
1392
1392
1392
1392
1392
1392
1392
1393
1393
1393
1393
1393
1394
1394
1394
1394
1394
1394
1394
1394
1394
1395
1395
1395
1395
1396
1396
1397
1397
1397
1397
1397
1398
1398
1399
1399
1399
14
1400
1400
1400
1400
1401
1401
1401
1401
1401
1402
1402
1402
1402
1402
1402
1402
1403
1403
1403
1403
1403
1403
1404
1404
1404
1404
1405
1405
1405
1405
1405
1405
1405
1405
1405
1405
1405
1405
1406
1406
1406
1406
1406
1407
1407
1407
1407
1408
1408
1408
1408
1409
141
141
1410
1410
1410
1410
1410
1410
1410
1411
1411
1411
1411
1411
1412
1412
1412
1412
1413
1413
1413
1413
1413
1413
1414
1414
1414
1414
1414
1415
1415
1415
1415
1415
1416
1416
1416
1416
1416
1416
1416
1416
1417
1417
1417
1417
1418
1418
1418
1418
1418
1418
1418
1419
1419
1419
1419
142
1420
1420
1420
1420
1420
1421
1421
1422
1422
1422
1422
1422
1422
1423
1423
1423
1423
1423
1423
1423
1424
1424
1424
1425
1425
1425
1425
1426
1426
1427
1427
1427
1427
1427
1427
1427
1427
1427
1427
1427
1428
1428
1428
1428
1428
1428
1429
1429
1429
143
1430
1430
1431
1431
1431
1431
1431
1432
1432
1433
1433
1433
1433
1434
1435
1435
1435
1435
1435
1435
1435
1435
1436
1436
1436
1436
1436
1436
1437
1437
1437
1437
1437
1437
1437
1437
1438
1438
1438
1438
1438
1438
1438
1439
1439
1439
1439
1439
1439
1439
1439
1440
1440
1440
1441
1441
1441
1441
1441
1441
1441
1442
1442
1442
1442
1442
1442
1442
1443
1443
1443
1443
1443
1443
1443
1444
1444
1444
1444
1444
1444
1444
1444
1444
1445
1445
1445
1445
1445
1445
1445
1446
1446
1446
1446
1446
1446
1447
1447
1447
1447
1447
1447
1448
1448
1448
1448
1449
1449
1449
145
145
1450
1450
1450
1451
1452
1452
1452
1452
1452
1452
1452
1453
1453
1453
1453
1453
1453
1453
1454
1454
1454
1454
1455
1455
1455
1455
1455
1455
1455
1456
1456
1456
1456
1456
1456
1456
1457
1457
1457
1457
1457
1457
1457
1457
1457
1457
1457
1457
1457
1458
1458
1458
1458
1458
1458
1458
1458
1458
1459
1459
1459
1459
1459
1459
146
1460
1460
1460
1460
1460
1460
1460
1460
1461
1461
1461
1461
1461
1461
1461
1462
1462
1463
1463
1463
1463
1463
1464
1464
1465
1465
1465
1466
1466
1467
1467
1467
1467
1467
1467
1467
1468
1468
1468
1468
1469
1469
1469
1469
1469
147
1470
1470
1470
1470
1470
1470
1470
1471
1471
1471
1471
1471
1471
1471
1471
1472
1472
1472
1473
1473
1473
1474
1474
1474
1474
1474
1475
1475
1475
1476
1476
1476
1476
1476
1476
1476
1476
1477
1477
1477
1477
1478
1478
1479
1479
1479
1479
1479
1479
1479
1479
148
148
148
1480
1480
1480
1480
1481
1481
1482
1482
1482
1482
1482
1482
1482
1482
1483
1483
1483
1483
1483
1483
1483
1483
1484
1484
1484
1485
1485
1485
1485
1485
1485
1485
1486
1486
1487
1487
1487
1487
1489
1489
1489
1489
149
149
1490
1490
1490
1491
1491
1491
1492
1492
1492
1493
1493
1493
1494
1494
1494
1495
1495
1495
1495
1495
1496
1496
1496
1496
1497
1497
1497
1497
1497
1498
1498
1498
1498
1499
1499
1499
150
1500
1500
1500
1500
1500
1500
1500
1500
1501
1501
1501
1501
1501
1501
1501
1501
1501
1501
1501
1502
1502
1502
1502
1502
1502
1503
1503
1503
1503
1503
1503
1503
1504
1504
1504
1504
1505
1506
1506
1506
1506
1506
1507
1507
1507
1507
1507
1508
1508
1509
1509
1509
1509
1509
1509
1509
151
1510
1510
1510
1510
1511
1511
1511
1512
1512
1512
1513
1513
1513
1513
1513
1513
1513
1513
1513
1514
1514
1514
1514
1514
1514
1514
1515
1515
1515
1515
1515
1516
1516
1516
1516
1516
1516
1516
1516
1516
1517
1517
1517
1517
1518
1519
1519
1519
1519
1519
1519
152
152
152
1520
1520
1520
1520
1520
1520
1520
1521
1521
1521
1521
1521
1521
1522
1522
1522
1522
1522
1522
1522
1523
1523
1523
1523
1524
1524
1524
1524
1524
1524
1526
1526
1527
1527
1527
1527
1528
1528
1528
1528
1528
1528
1528
1528
1528
1529
1529
1529
1529
1529
1529
153
153
1530
1530
1530
1530
1530
1531
1531
1532
1532
1532
1532
1532
1532
1532
1533
1533
1533
1533
1533
1533
1534
1534
1535
1535
1535
1535
1537
1537
1537
1538
1538
1538
1538
1538
1539
1539
1539
1540
1540
1540
1540
1540
1540
1540
1541
1541
1541
1541
1542
1542
1542
1542
1542
1543
1543
1543
1543
1543
1544
1544
1544
1544
1544
1544
1544
1545
1545
1545
1546
1546
1546
1546
1547
1547
1548
1548
1548
1548
1548
1549
1549
1549
1549
1549
1549
155
1550
1550
1550
1551
1551
1551
1551
1552
1552
1552
1552
1552
1552
1552
1553
1553
1554
1554
1554
1554
1554
1554
1554
1555
1556
1556
1556
1556
1556
1556
1557
1557
1557
1558
1558
1559
1559
1559
156
1560
1560
1560
1560
1561
1561
1561
1561
1561
1561
1561
1561
1562
1562
1562
1562
1563
1563
1563
1563
1563
1564
1564
1564
1564
1564
1564
1564
1564
1565
1565
1565
1565
1565
1566
1567
1567
1567
1567
1567
1567
1568
1568
1568
1568
1568
1568
1568
1568
1569
1569
1569
1569
1569
1569
1569
1569
157
157
157
1570
1570
1570
1570
1570
1570
1570
1570
1570
1571
1571
1571
1571
1571
1571
1572
1572
1572
1572
1572
1573
1574
1574
1574
1574
1574
1575
1575
1575
1575
1575
1576
1576
1576
1576
1576
1576
1577
1577
1578
1578
1578
1578
1578
1579
1579
1579
1579
1579
158
158
1580
1580
1580
1580
1580
1581
1581
1581
1582
1582
1582
1582
1582
1582
1582
1583
1583
1583
1584
1584
1584
1584
1584
1585
1585
1585
1585
1585
1586
1586
1586
1586
1586
1586
1586
1586
1587
1587
1588
1588
1588
1588
1589
1589
1589
1589
1589
1589
1589
159
159
1590
1590
1591
1591
1591
1591
1592
1592
1592
1593
1593
1593
1593
1593
1594
1594
1594
1594
1594
1594
1594
1595
1595
1595
1595
1596
1596
1596
1596
1596
1596
1597
1597
1598
1598
1598
1598
1599
1599
1599
1599
1599
1599
16
160
160
160
1600
1600
1600
1600
1601
1601
1601
1601
1601
1601
1602
1603
1603
1603
1603
1603
1604
1604
1604
1604
1604
1604
1604
1604
1605
1605
1605
1605
1606
1607
1607
1607
1607
1607
1608
1608
1608
1609
1609
1609
1609
161
161
161
1610
1610
1610
1610
1610
1610
1610
1611
1611
1612
1612
1612
1613
1613
1613
1613
1613
1613
1613
1613
1615
1615
1615
1615
1616
1616
1616
1616
1616
1617
1617
1617
1618
1618
1618
1618
1619
1619
162
162
1620
1620
1621
1621
1621
1621
1621
1621
1622
1622
1622
1622
1622
1623
1623
1623
1623
1624
1624
1625
1625
1625
1626
1626
1626
1627
1627
1627
1627
1627
1627
1627
1627
1627
1628
1628
1628
1628
1628
1628
1628
1628
1629
1629
1629
1629
1629
1629
1629
163
1630
1630
1630
1630
1631
1631
1631
1632
1632
1633
1633
1633
1633
1633
1634
1634
1634
1635
1635
1635
1635
1635
1635
1635
1636
1636
1637
1637
1637
1637
1637
1637
1637
1638
1638
1638
1638
1638
1638
1638
1639
1639
164
1640
1640
1640
1640
1641
1641
1641
1641
1641
1642
1642
1642
1642
1642
1642
1642
1643
1644
1644
1644
1644
1644
1645
1645
1645
1645
1645
1645
1645
1646
1646
1646
1646
1647
1647
1647
1648
1648
1648
1648
1648
1649
1649
1649
165
1650
1650
1650
1650
1650
1650
1650
1651
1651
1651
1651
1651
1652
1652
1653
1653
1653
1653
1653
1654
1654
1654
1654
1654
1655
1655
1655
1656
1656
1656
1656
1657
1657
1657
1657
1658
1658
1658
1659
1659
1659
1659
1659
1659
1659
166
1660
1660
1660
1661
1661
1662
1662
1662
1662
1662
1664
1664
1664
1664
1664
1664
1664
1665
1665
1665
1665
1665
1665
1666
1666
1666
1667
1667
1667
1667
1667
1667
1667
1667
1668
1668
1668
1669
1669
1669
167
167
167
1670
1670
1670
1670
1671
1671
1671
1672
1672
1673
1673
1673
1673
1673
1673
1673
1674
1674
1674
1674
1675
1675
1675
1676
1676
1676
1676
1676
1676
1676
1676
1677
1677
1677
1677
1678
1678
1678
1678
1679
1679
1679
1679
1679
1679
168
168
168
168
168
1680
1680
1680
1681
1682
1682
1682
1682
1682
1682
1683
1683
1683
1683
1684
1684
1684
1684
1684
1684
1684
1684
1684
1685
1685
1685
1685
1685
1685
1686
1686
1686
1686
1687
1687
1687
1687
1687
1687
1688
1688
1688
1688
1688
1688
1689
1689
1689
169
169
1690
1690
1690
1691
1691
1691
1692
1692
1692
1692
1692
1692
1693
1693
1693
1693
1693
1694
1694
1694
1694
1694
1695
1695
1695
1695
1696
1696
1696
1696
1696
1697
1697
1697
1697
1697
1698
1698
1698
17
170
1700
1700
1700
1700
1700
1701
1701
1701
1701
1701
1701
1701
1702
1702
1702
1702
1702
1703
1703
1703
1703
1703
1703
1703
1703
1704
1705
1705
1705
1705
1706
1707
1707
1707
1707
1707
1708
1708
1708
1709
1709
1709
1709
1709
171
171
171
1710
1710
1710
1710
1710
1710
1711
1711
1711
1712
1712
1712
1712
1712
1712
1713
1713
1713
1714
1715
1715
1715
1716
1717
1717
1717
1717
1718
1718
1718
1718
1719
1719
1719
1719
1719
172
172
172
1720
1721
1721
1721
1721
1721
1721
1721
1722
1722
1722
1722
1722
1722
1723
1723
1723
1724
1724
1724
1725
1725
1725
1725
1726
1727
1727
1727
1727
1728
1728
1728
1728
1728
1728
1729
1729
1730
1730
1730
1730
1730
1731
1731
1731
1732
1732
1732
1732
1732
1732
1733
1733
1733
1733
1733
1733
1733
1733
1733
1734
1735
1735
1735
1736
1736
1737
1737
1737
1737
1738
1738
1738
1738
1739
174
174
174
174
174
1740
1740
1740
1740
1741
1741
1741
1742
1742
1742
1742
1742
1742
1742
1743
1743
1743
1744
1744
1745
1745
1745
1745
1745
1746
1746
1746
1747
1747
1747
1747
1748
1748
1748
1748
1749
1749
1749
1749
1749
175
175
1750
1750
1750
1750
1750
1750
1750
1751
1751
1752
1752
1753
1753
1753
1753
1753
1754
1755
1755
1756
1756
1756
1756
1756
1756
1757
1757
1757
1757
1757
1757
1757
1758
1758
1758
1758
1758
1759
1759
1759
176
176
1760
1760
1761
1761
1761
1762
1762
1762
1762
1763
1763
1763
1764
1764
1765
1765
1765
1765
1765
1765
1766
1766
1766
1767
1767
1767
1768
1768
1768
1769
1769
1769
1769
1769
1769
1769
177
177
1770
1770
1771
1771
1771
1771
1771
1772
1773
1773
1773
1773
1774
1774
1774
1775
1775
1775
1775
1777
1777
1777
1777
1778
1779
1779
178
178
178
178
178
178
1780
1780
1780
1780
1780
1780
1780
1781
1781
1781
1782
1782
1782
1782
1783
1783
1783
1783
1783
1783
1783
1784
1784
1784
1784
1784
1784
1784
1785
1785
1785
1785
1786
1786
1786
1787
1787
1787
1788
1788
1788
1788
1788
1788
1788
1789
1789
1789
179
1790
1790
1791
1791
1791
1792
1792
1792
1792
1793
1793
1794
1795
1795
1795
1795
1796
1796
1796
1796
1797
1797
1798
180
180
180
180
1800
1800
1800
1800
1802
1802
1802
1802
1803
1803
1803
1804
1804
1805
1805
1805
1805
1805
1806
1806
1807
1807
1807
1807
1807
1808
1808
1808
1808
1808
1808
1809
1809
181
181
181
1810
1810
1810
1810
1810
1810
1810
1811
1811
1811
1811
1811
1812
1812
1812
1812
1812
1812
1813
1813
1814
1814
1815
1815
1815
1815
1815
1816
1816
1816
1816
1816
1816
1817
1817
1817
1819
1819
1819
1819
182
182
182
1820
1820
1821
1821
1822
1822
1823
1823
1823
1824
1824
1824
1824
1825
1825
1825
1825
1826
1827
1827
1827
1827
1827
1828
1828
1828
1828
1828
1829
1829
1829
1829
1829
1829
183
183
183
183
183
183
183
183
1830
1830
1830
1830
1830
1831
1831
1831
1831
1831
1832
1832
1832
1833
1833
1833
1833
1833
1834
1834
1835
1835
1836
1836
1836
1836
1836
1836
1837
1837
1837
1837
1838
1839
1839
184
1840
1841
1841
1841
1842
1842
1842
1843
1843
1844
1844
1844
1844
1845
1845
1845
1845
1845
1845
1846
1846
1846
1846
1846
1847
1847
1847
1848
1848
1849
1849
1849
1849
185
1850
1850
1850
1850
1850
1850
1851
1851
1851
1852
1852
1852
1852
1852
1852
1853
1853
1853
1854
1854
1854
1855
1855
1856
1856
1856
1857
1857
1857
1857
1857
1857
1858
1858
1859
1859
186
186
186
186
1860
1860
1861
1861
1862
1862
1863
1864
1865
1866
1866
1866
1866
1867
1867
1867
1867
1868
1868
1868
1868
1869
1869
1869
1869
187
187
1870
1870
1870
1871
1871
1871
1871
1872
1872
1872
1873
1873
1873
1873
1874
1875
1875
1876
1876
1877
1877
1877
1877
1878
1879
1879
1879
1879
1879
188
188
1880
1880
1880
1880
1880
1880
1881
1881
1881
1881
1881
1882
1882
1883
1883
1884
1885
1885
1886
1887
1888
1889
1889
1889
1889
1889
1889
1889
189
189
1890
1890
1890
1890
1892
1892
1892
1892
1892
1893
1893
1894
1894
1895
1895
1896
1896
1896
1896
1896
1896
1896
1897
1897
1897
1897
1897
1897
1898
1898
1898
1898
1899
190
190
190
190
1900
1900
1900
1900
1901
1901
1901
1901
1901
1902
1902
1902
1902
1902
1903
1903
1903
1904
1905
1905
1905
1906
1906
1907
1907
1907
1909
1909
1909
1909
1909
191
191
1911
1911
1912
1912
1913
1913
1913
1914
1914
1914
1915
1915
1915
1916
1916
1917
1917
1918
1918
1918
1918
1918
1918
1918
1919
1919
1919
1919
1919
1919
1919
1919
192
192
192
192
192
1920
1920
1920
1921
1921
1921
1922
1922
1922
1922
1922
1923
1924
1925
1925
1925
1926
1926
1927
1927
1927
1929
1929
1929
1929
193
193
193
193
193
193
193
1930
1931
1931
1931
1931
1931
1932
1932
1933
1934
1934
1935
1935
1936
1937
1937
1938
1938
1939
1939
194
194
194
194
1940
1940
1941
1942
1942
1942
1942
1942
1942
1942
1942
1943
1943
1943
1943
1943
1943
1943
1944
1944
1945
1946
1946
1946
1947
1947
1948
1948
1949
195
1950
1950
1950
1950
1950
1951
1951
1951
1951
1952
1952
1952
1952
1953
1953
1953
1954
1954
1954
1955
1955
1956
1956
1958
1958
1958
1958
1959
196
1960
1960
1961
1962
1963
1964
1964
1964
1965
1965
1965
1965
1965
1966
1966
1966
1967
1968
1968
1969
1969
1969
1969
197
197
197
1970
1970
1970
1971
1971
1971
1971
1972
1972
1972
1973
1973
1973
1973
1973
1973
1973
1974
1974
1975
1975
1975
1975
1975
1975
1975
1976
1977
1977
1977
1977
1977
1977
1978
1978
1978
1978
1978
1978
1979
1979
1979
198
198
198
1980
1980
1981
1981
1981
1981
1982
1982
1982
1982
1982
1983
1983
1984
1984
1984
1985
1986
1987
1987
1988
1988
1988
1988
1989
1990
1990
1991
1992
1992
1993
1993
1994
1995
1995
1997
1998
1998
1999
1999
1999
1999
200
200
200
200
200
2000
2000
2000
2000
2000
2001
2002
2002
2004
2004
2005
2005
2005
2006
2006
2006
2006
2007
2007
2008
2008
2008
2009
2009
201
201
201
201
2010
2010
2010
2010
2010
2010
2011
2012
2012
2012
2013
2013
2013
2013
2013
2014
2015
2015
2015
2015
2016
2017
2017
2017
2018
2019
2019
2019
2019
202
202
202
2020
2020
2020
2020
2020
2021
2021
2021
2021
2021
2022
2022
2022
2022
2022
2023
2023
2023
2023
2024
2024
2025
2026
2026
2026
2026
2027
2027
2027
2028
2028
2028
2029
2029
2029
2029
203
203
203
203
203
2030
2030
2030
2030
2031
2032
2032
2033
2033
2033
2034
2034
2035
2035
2036
2037
2037
2037
2037
2037
2038
2038
2038
2038
2039
2039
204
204
204
204
2040
2040
2041
2041
2042
2042
2042
2043
2044
2044
2045
2045
2046
2046
2047
2047
2047
2048
2048
2049
2049
2049
2049
2049
205
205
2050
2050
2050
2050
2051
2051
2052
2053
2053
2053
2053
2053
2054
2054
2055
2055
2055
2056
2056
2056
2056
2057
2058
2058
2058
2059
2059
2059
206
206
206
206
206
206
2060
2060
2060
2061
2061
2062
2062
2062
2062
2063
2063
2063
2063
2063
2066
2067
2067
2067
2067
2068
2068
2068
2069
2069
2069
207
207
207
2070
2070
2070
2071
2073
2073
2073
2074
2074
2074
2075
2075
2075
2076
2077
2077
2077
2078
2078
208
208
2081
2081
2083
2083
2083
2084
2084
2084
2085
2085
2085
2086
2087
2088
2088
2088
2089
209
209
209
209
209
2091
2091
2093
2093
2093
2093
2094
2094
2094
2094
2095
2095
2096
2096
2097
2097
2098
2099
21
210
210
210
2100
2100
2101
2101
2101
2101
2101
2102
2103
2104
2105
2105
2106
2106
2107
2107
2107
2107
2107
2108
2108
2108
2108
2109
2109
2109
211
211
211
2110
2111
2112
2112
2113
2114
2114
2114
2114
2114
2116
2116
2116
2116
2116
2117
2117
2118
2118
2118
2118
2119
2119
2119
2119
212
212
212
212
2120
2120
2121
2121
2122
2122
2123
2124
2124
2124
2124
2125
2125
2125
2125
2125
2126
2126
2127
2128
2129
2129
2129
213
213
2130
2130
2130
2132
2132
2132
2133
2133
2133
2134
2134
2134
2135
2135
2136
2136
2136
2137
2137
2137
2139
2139
214
214
214
214
2140
2140
2140
2141
2141
2142
2145
2145
2146
2146
2147
2148
2149
2149
2149
2149
215
215
215
215
215
215
2150
2151
2151
2152
2153
2153
2153
2153
2153
2153
2154
2155
2156
2157
2158
2158
2158
2158
2159
216
216
216
2160
2160
2161
2161
2162
2163
2163
2165
2166
2166
2166
2166
2167
2167
2169
2169
217
217
217
217
217
2170
2170
2173
2174
2175
2177
2178
2178
2178
2178
2178
218
218
218
2183
2184
2184
2184
2186
2187
2188
2189
2189
2189
2189
219
219
2190
2190
2190
2190
2192
2194
2194
2195
2196
2196
2196
2196
2196
2198
2198
2198
2199
2199
220
220
220
220
220
2200
2200
2201
2202
2203
2204
2205
2205
2206
2206
2208
221
221
221
2210
2212
2212
2214
2214
2215
2216
2216
2216
2216
2217
2218
2218
2218
222
222
2220
2221
2221
2221
2222
2223
2224
2226
2229
2230
2230
2230
2231
2232
2232
2232
2233
2233
2233
2234
2234
2235
2236
2236
2236
2236
2237
2238
2239
2239
2239
224
224
224
224
2240
2241
2242
2244
2244
2245
2245
2245
2246
2247
2248
2249
2249
225
225
225
225
225
2250
2252
2252
2254
2254
2254
2255
2255
2259
226
226
226
226
226
226
2260
2261
2261
2261
2262
2262
2263
2264
2264
2265
2267
2267
2268
2269
227
227
227
227
2270
2271
2271
2272
2272
2273
2273
2273
2275
2276
2276
2277
2278
2278
2278
2279
228
228
228
2280
2280
2281
2281
2283
2283
2284
2287
2287
2287
2288
2289
229
229
229
2291
2292
2292
2292
2292
2292
2293
2294
2295
2295
2295
2296
2297
2298
2298
2299
23
23
230
230
230
230
2300
2300
2300
2301
2302
2302
2303
2308
2308
2309
2309
231
231
2312
2313
2313
2313
2314
2314
2315
2317
2317
2317
2318
232
232
232
2320
2320
2320
2323
2323
2324
2325
2326
2326
2326
2329
233
233
2330
2330
2332
2334
2335
2337
2337
2337
2338
234
234
234
234
234
2340
2340
2341
2344
2344
2345
2346
2347
2348
2348
235
235
2350
2350
2352
2353
2353
2354
2355
2357
2357
2357
2358
236
236
236
236
236
236
2362
2364
2364
2365
2368
2369
2369
237
237
237
237
2372
2374
2375
2375
2377
2378
238
238
238
238
238
238
2380
2382
2382
2382
2384
2387
2387
2387
2387
2388
2388
2388
2389
239
2391
2392
2392
2393
2394
2394
2395
2396
2398
2398
2399
2399
2400
2401
2401
2404
2408
2408
2408
241
241
241
2410
2411
2412
2414
2414
2414
2415
2415
2416
2416
2417
242
242
242
242
242
2422
2422
2423
2424
2424
2424
2424
2425
2429
243
243
2430
2431
2434
2434
2435
2436
2436
2439
2439
244
244
244
244
2441
2442
2443
2443
2444
2444
2444
2445
2446
2446
2446
2446
2446
2447
2449
2449
245
245
245
2450
2451
2451
2452
2452
2453
2455
2457
2457
2459
2459
246
2460
2462
2462
2462
2463
2463
2464
2464
2465
2465
2465
2466
2467
2469
247
2471
2472
2475
2475
2477
2478
2479
248
2481
2482
2483
2485
2488
2489
249
249
2492
2493
2493
2496
2499
2499
2499
25
25
250
250
250
250
250
2501
2503
2507
2508
2509
251
251
251
251
2510
2512
2514
2515
2515
2518
252
252
2523
2526
2527
253
253
253
253
253
253
2530
2531
2532
2537
2537
2538
254
2542
2543
2543
2543
2544
2546
2546
2549
255
255
255
255
255
2550
2551
2551
2554
2556
2557
2557
2558
2559
2559
256
256
256
2562
2564
2564
2565
2567
2569
2569
257
2570
2570
2570
2571
2572
2579
258
258
2581
2581
2583
2585
2586
2586
2587
2588
2588
2588
259
2592
2592
2593
2595
2597
260
260
260
260
2602
2602
2603
2607
2608
2608
2609
261
261
261
261
261
261
2617
2619
2625
2626
263
263
263
263
2630
2633
2637
264
264
264
2640
2643
265
265
265
2650
2653
2656
2656
2657
2657
2658
2659
266
266
266
266
266
266
2663
2664
2670
2671
2672
2673
2673
2675
2677
268
268
2685
2686
2689
269
269
269
269
269
2695
2696
27
270
270
270
270
270
2700
2701
2707
2707
2708
271
271
271
271
2711
2712
2715
2718
272
272
272
272
272
272
272
272
2720
2727
273
2736
2738
274
274
274
274
274
2741
2742
2746
2747
2749
2750
2753
2756
276
276
276
276
277
277
2770
2773
2774
278
278
278
2781
2782
2782
2786
279
279
2790
2796
28
280
280
280
2803
281
281
2810
282
282
282
282
2828
283
283
283
283
283
283
283
2830
2831
2832
2832
2836
284
284
284
284
285
285
2851
2854
286
286
286
286
2862
2869
287
287
287
287
2878
288
288
2882
2885
2886
2887
2888
2889
289
289
289
289
2895
290
290
290
2900
291
291
291
291
291
292
292
292
2926
293
293
2930
2930
2932
2933
2936
2936
2939
294
294
294
294
294
294
294
294
2949
295
295
2951
296
296
296
2961
2967
297
297
297
297
297
2973
298
298
298
2985
299
299
299
299
299
2991
300
300
301
301
301
301
302
302
302
302
303
303
3033
3039
304
3040
3046
3049
305
305
305
305
305
305
305
305
306
306
306
306
306
3060
3061
307
307
307
307
307
307
307
308
308
309
309
309
3095
310
310
3104
311
311
311
311
312
312
312
312
3125
313
313
313
314
314
314
314
3140
315
315
315
315
315
315
316
316
316
316
318
318
318
3189
319
319
319
319
3190
320
321
321
321
321
322
323
323
323
323
324
324
324
324
324
324
325
325
326
326
326
327
327
327
327
327
328
329
329
329
330
330
330
331
331
331
331
332
332
332
333
333
334
334
334
334
334
335
336
336
336
336
336
337
337
337
337
337
337
338
339
340
341
341
341
341
342
342
342
343
343
344
344
344
345
345
345
345
345
346
346
346
346
347
347
347
347
347
347
348
348
348
348
349
349
349
349
349
350
350
350
350
351
351
352
352
352
352
352
353
353
353
354
355
355
355
356
356
357
357
357
357
358
358
358
358
358
358
358
359
359
359
359
36
360
360
361
361
361
362
362
362
362
363
363
363
363
363
363
363
364
364
364
364
364
365
365
365
366
366
366
367
367
367
367
367
367
369
369
369
369
370
370
370
370
370
371
371
371
371
372
373
373
373
374
374
374
374
374
374
374
375
375
375
375
375
375
376
377
377
377
378
378
378
378
379
379
380
380
380
380
380
380
380
380
381
381
381
381
381
381
381
381
382
382
382
382
382
383
383
383
384
384
384
384
384
384
384
385
385
386
387
387
387
387
388
388
388
388
388
388
388
388
388
389
389
389
389
390
390
390
390
390
390
390
390
391
391
391
391
392
392
392
393
393
393
393
393
393
393
393
394
394
394
394
394
394
395
395
396
396
396
397
397
397
398
398
398
399
40
400
400
400
402
402
402
403
403
403
403
403
403
404
404
404
404
405
405
405
406
406
406
406
406
406
406
406
407
407
407
407
408
408
408
408
408
408
409
409
409
409
410
410
410
411
411
411
411
412
412
412
412
412
412
412
413
413
413
414
414
414
415
416
416
416
417
417
417
417
417
417
418
418
419
419
419
419
42
420
420
420
420
420
420
420
421
421
421
421
421
421
421
422
422
422
423
423
423
423
423
423
423
424
424
424
424
424
424
425
426
426
426
426
426
427
427
427
427
428
429
429
429
429
43
43
430
430
430
430
431
431
431
431
431
431
432
432
432
432
433
433
433
433
433
434
434
434
434
434
435
436
436
436
436
436
436
437
437
437
437
437
437
438
438
438
438
438
438
438
438
438
439
439
44
44
440
440
440
440
440
441
441
441
441
442
442
442
442
442
442
442
442
443
443
443
444
444
444
444
444
444
444
444
445
445
445
445
447
447
447
447
448
448
448
449
449
450
450
450
450
450
450
450
450
451
451
452
452
452
453
453
453
454
454
454
454
454
454
455
455
455
455
455
455
456
456
456
456
457
457
457
458
458
458
458
458
458
458
459
459
46
460
460
461
461
461
461
461
461
462
462
462
462
462
463
463
463
463
464
464
464
464
464
465
465
465
465
465
465
466
466
466
466
467
468
468
468
469
469
469
469
469
469
469
469
470
471
471
471
471
471
471
471
471
471
471
471
471
472
472
472
472
472
472
472
472
473
473
473
473
473
474
474
474
474
475
475
475
475
475
475
475
476
477
477
477
477
478
478
478
478
478
478
478
479
479
479
479
479
48
48
480
480
480
480
480
480
480
481
481
482
482
482
482
482
483
483
483
483
483
483
484
484
484
484
484
485
485
485
485
486
486
486
486
487
487
487
487
488
488
488
488
488
488
489
489
489
489
489
489
49
490
490
490
490
491
491
491
491
491
491
492
492
493
493
494
494
494
495
495
495
495
495
495
495
495
495
496
496
496
496
497
497
497
497
498
498
498
498
499
499
499
499
499
500
500
500
500
501
501
501
501
501
501
501
501
501
502
502
502
502
503
503
503
503
504
504
504
504
504
504
504
505
505
505
505
506
506
506
506
506
506
506
506
506
507
507
507
507
507
507
507
508
508
508
508
509
509
509
509
509
509
510
510
510
511
511
511
511
511
511
512
512
512
512
512
513
513
513
513
513
513
513
514
514
514
514
515
515
515
515
515
515
515
516
516
516
516
516
516
516
517
517
517
518
518
518
518
518
518
519
519
519
519
519
52
520
520
521
521
521
521
521
522
522
522
522
522
522
522
522
522
522
522
522
522
523
523
523
523
523
523
524
524
524
524
524
525
525
525
525
525
526
526
526
526
526
527
527
527
527
527
527
527
528
528
528
528
528
528
528
528
528
528
529
529
529
529
529
529
529
529
53
530
530
530
530
530
530
531
531
531
531
531
531
532
532
532
532
532
532
532
533
533
533
533
534
534
534
534
534
535
535
536
536
536
536
536
536
536
536
537
537
537
537
537
537
537
538
538
538
538
538
538
539
539
539
539
539
540
540
540
540
540
540
540
541
541
541
541
541
541
541
541
541
541
541
542
542
542
543
543
543
543
543
543
543
543
543
544
544
544
544
544
544
544
545
545
545
545
545
546
546
546
547
547
547
547
548
548
548
548
548
549
549
549
549
549
549
550
550
550
550
550
550
550
550
550
550
551
551
551
551
551
551
551
552
552
552
552
552
552
552
553
553
553
553
553
554
554
554
554
554
555
555
555
555
555
556
556
556
556
556
556
557
557
558
558
558
558
558
558
558
559
559
559
559
56
560
560
560
560
560
560
560
560
561
561
561
561
561
561
561
561
562
562
562
562
562
562
562
563
563
563
563
564
564
564
564
565
565
565
565
565
565
565
566
566
566
566
566
567
567
567
567
568
568
568
568
569
569
569
570
570
570
570
570
570
570
570
570
571
571
571
571
571
571
572
572
572
573
573
573
573
574
574
574
575
575
575
576
576
576
576
576
577
577
577
577
577
578
578
578
579
579
579
58
580
580
580
581
581
581
581
581
581
581
582
582
582
582
583
584
584
584
584
584
584
585
585
585
585
585
586
586
586
586
586
587
587
587
587
587
587
587
588
588
588
588
588
588
588
588
588
589
589
589
589
59
590
590
590
590
590
591
591
591
591
591
591
591
592
592
592
592
593
593
593
593
593
593
593
593
594
594
594
594
594
594
595
595
595
595
596
596
596
596
597
597
597
597
597
597
597
597
598
598
598
599
599
599
599
599
599
599
599
600
600
600
601
601
601
601
601
601
601
601
602
602
602
602
602
603
603
603
604
604
604
605
605
605
605
605
605
605
606
606
606
606
606
606
606
606
606
606
607
607
607
608
608
608
608
608
608
608
608
608
608
609
609
609
609
609
61
610
610
610
611
611
611
611
612
612
612
612
613
613
613
613
614
614
614
614
614
614
614
614
615
615
615
615
615
616
617
617
617
617
617
617
617
617
618
618
619
619
619
619
62
620
620
620
620
620
620
620
620
621
621
621
621
621
621
621
621
621
621
621
621
621
622
622
622
622
622
622
622
623
623
623
623
623
623
623
623
624
624
624
624
624
624
624
624
624
625
625
625
625
625
625
625
625
625
626
626
626
626
626
626
626
626
626
627
627
627
628
628
628
628
628
629
629
629
63
63
630
630
630
630
630
630
630
631
631
631
631
631
631
631
631
632
632
632
632
633
633
633
633
634
634
634
634
635
635
635
635
635
636
636
637
637
637
637
637
637
637
637
637
638
638
638
638
638
639
639
639
640
640
640
640
640
640
640
640
641
641
641
641
642
642
642
642
642
643
643
643
644
644
644
644
644
644
644
644
644
644
645
645
645
645
645
645
645
646
646
646
646
646
646
646
647
647
647
647
647
648
648
648
648
648
648
648
649
649
649
649
649
649
649
649
65
65
650
650
650
650
650
650
650
650
651
651
651
651
651
652
652
652
652
652
652
653
653
653
653
653
653
653
654
654
654
654
654
654
654
655
655
655
655
655
656
656
656
656
656
656
657
657
657
658
658
658
659
659
659
659
660
660
660
660
660
660
661
661
661
661
661
661
661
662
662
662
662
662
662
662
662
663
663
663
663
663
663
664
665
665
665
665
665
666
666
666
666
666
666
666
666
667
667
667
668
668
668
668
668
668
669
669
669
669
669
670
670
670
670
670
670
670
670
670
671
671
671
671
671
671
671
671
671
672
672
672
672
672
673
673
673
673
673
673
674
674
674
674
674
675
675
676
676
676
677
677
677
677
677
677
677
678
678
678
678
678
679
679
679
679
680
680
680
680
680
680
680
681
681
681
681
681
681
681
682
682
682
682
682
683
683
683
683
683
683
683
684
684
684
684
684
684
685
685
685
685
685
685
686
686
686
686
686
687
687
687
687
687
687
687
688
688
688
688
689
689
689
689
689
690
690
690
690
690
690
690
690
691
692
692
692
692
693
693
693
693
694
694
694
694
694
694
695
695
696
696
696
696
696
696
696
696
697
697
698
698
698
698
698
699
699
699
699
699
70
70
700
700
700
700
700
700
700
700
700
700
701
701
701
701
701
702
703
703
703
703
703
704
704
704
704
704
704
705
705
705
705
705
705
706
707
707
707
707
707
708
708
708
708
709
709
709
709
709
709
710
710
710
710
710
710
710
710
711
711
711
711
711
712
712
712
712
712
713
713
713
713
714
714
714
714
715
715
715
715
715
715
716
716
716
716
716
717
717
717
717
718
718
718
718
718
719
719
719
719
719
72
72
720
720
720
721
721
721
721
721
721
721
722
722
722
722
722
722
722
722
723
723
723
723
723
723
723
723
724
724
724
724
724
724
724
725
725
725
725
725
725
726
726
726
726
726
726
726
727
727
727
727
728
728
728
728
728
729
729
729
729
729
730
730
730
730
730
731
731
731
731
731
732
732
732
732
732
732
733
733
733
733
734
734
734
734
735
735
735
735
735
736
736
736
736
736
736
736
737
737
737
737
737
737
738
738
738
738
738
738
738
738
738
738
738
738
739
739
739
739
74
740
740
741
741
741
741
741
742
742
742
742
742
743
743
743
743
743
743
743
744
744
744
744
744
744
745
745
745
745
745
746
746
746
746
747
747
747
747
747
747
747
748
749
749
749
749
749
749
749
749
749
75
750
750
750
750
750
750
750
751
751
751
752
752
752
752
752
753
753
753
753
753
753
754
754
754
754
754
754
754
754
754
755
755
755
755
755
755
755
755
756
757
757
757
757
757
757
758
758
758
758
759
759
759
759
759
759
759
760
760
760
760
760
761
761
761
761
761
761
761
761
761
762
762
762
763
763
763
764
764
764
764
764
764
764
765
766
766
766
766
766
766
766
767
767
767
767
767
767
767
768
768
768
769
769
769
769
769
769
769
769
77
770
771
771
771
771
771
771
771
771
771
772
772
772
772
772
773
773
773
773
773
774
774
774
774
774
775
775
775
775
775
775
776
776
776
776
776
776
777
777
777
777
777
777
778
778
778
778
778
778
778
779
779
779
779
779
779
779
78
78
780
780
780
780
781
781
781
781
781
782
782
782
783
783
783
783
783
783
783
783
783
783
784
784
784
784
784
784
784
785
785
785
785
785
785
785
785
786
786
786
786
786
786
786
786
786
786
787
787
787
787
787
787
788
788
788
788
788
788
788
788
788
789
789
789
789
789
789
789
79
790
790
790
790
791
791
791
791
791
792
792
792
792
792
792
792
792
793
793
793
793
793
793
793
794
794
794
794
794
795
795
795
795
795
795
796
796
796
796
796
796
796
796
797
797
797
797
797
797
798
798
798
798
798
798
798
798
799
799
799
799
799
80
800
800
800
800
800
800
801
801
802
802
802
802
802
802
802
802
802
803
803
803
803
803
803
803
803
803
804
804
804
804
804
804
805
805
805
806
806
806
806
806
807
807
807
807
807
807
807
807
808
808
808
808
808
808
808
808
808
809
809
809
809
809
809
809
810
810
810
810
810
810
810
811
811
811
811
811
811
811
811
811
811
812
812
812
812
812
812
813
813
813
814
814
814
814
814
814
815
815
815
815
815
815
815
815
816
816
816
817
817
817
817
817
817
817
818
818
818
818
818
818
819
819
819
819
82
820
820
820
820
821
821
821
822
822
822
822
822
822
822
823
823
823
823
823
824
824
824
824
824
824
824
824
825
825
825
825
825
825
826
826
826
826
826
827
827
827
827
827
827
827
827
828
828
828
828
828
828
828
829
829
829
829
829
829
83
830
830
830
831
831
832
832
832
832
832
833
833
833
833
833
833
834
834
834
834
834
834
834
834
834
834
834
834
835
835
835
836
836
836
836
836
836
836
837
837
837
837
837
837
837
837
837
838
838
838
838
838
838
838
838
839
839
839
839
839
839
839
840
840
840
840
840
840
840
840
840
840
841
841
841
841
842
842
842
842
842
842
842
843
843
843
843
843
843
843
844
844
844
844
844
844
845
845
845
845
845
846
846
846
846
846
846
846
847
847
847
847
847
848
848
848
848
849
849
849
849
849
849
85
850
850
850
850
850
850
850
850
851
851
851
851
852
852
852
852
852
852
853
853
853
854
854
854
854
854
855
855
855
855
856
856
856
856
856
857
857
857
857
857
857
857
857
858
858
858
858
858
858
858
859
859
859
859
859
859
859
859
86
86
860
860
860
860
860
861
861
861
861
861
862
862
862
862
862
862
862
862
862
862
862
862
863
863
863
863
864
864
864
864
864
864
864
864
864
864
864
865
865
865
865
865
865
865
865
866
866
867
867
867
867
868
868
868
868
869
869
869
87
870
870
870
870
870
871
871
871
871
872
872
873
873
873
873
873
873
874
874
874
874
875
875
875
875
876
876
876
876
876
876
876
876
877
877
877
877
877
877
878
878
878
878
878
878
878
878
878
878
878
879
879
879
879
879
879
879
879
88
88
88
880
880
880
880
880
880
880
881
881
881
882
882
882
882
883
883
883
883
883
883
883
883
883
883
884
884
884
884
885
885
885
885
885
885
885
885
885
885
886
886
886
886
886
886
887
887
887
887
887
887
889
889
889
889
889
889
889
890
890
890
890
890
890
890
891
891
891
891
891
891
892
892
893
893
893
893
893
893
894
894
894
894
894
895
895
895
895
895
895
896
896
896
897
897
897
897
898
898
898
898
898
898
898
898
898
898
898
899
899
899
899
899
900
900
900
900
901
901
902
902
902
902
902
902
902
902
902
903
903
904
904
905
905
905
905
905
905
905
906
906
906
906
906
906
907
907
907
907
907
907
907
907
908
908
908
908
908
908
908
908
908
908
908
908
909
909
909
909
909
909
909
909
909
909
909
91
910
910
910
910
910
910
911
911
911
912
912
912
912
912
912
913
913
913
913
913
913
914
914
914
914
914
915
915
915
915
915
915
916
916
916
916
916
917
917
917
917
917
917
917
917
918
918
918
918
918
918
919
919
919
919
919
920
920
920
920
920
921
921
921
921
922
922
923
923
923
923
923
923
924
924
924
924
924
924
924
924
924
924
925
925
925
925
925
925
925
925
925
925
925
926
926
926
926
926
926
926
927
927
927
927
927
927
927
928
928
928
928
928
928
928
928
928
928
929
929
929
930
930
930
930
930
930
930
930
930
930
930
931
931
931
931
932
932
932
932
932
933
933
933
933
933
934
934
934
935
935
935
935
935
936
936
936
936
937
937
937
937
937
937
937
937
937
938
938
938
938
938
938
938
938
939
939
939
939
939
94
940
940
940
940
940
940
940
940
941
941
941
941
941
942
942
942
942
942
942
942
942
942
942
943
943
943
943
944
944
944
944
944
944
944
945
945
945
945
945
946
946
947
947
947
947
947
947
947
948
948
948
948
948
948
948
949
949
949
949
949
95
950
950
950
950
950
950
951
951
951
951
951
951
951
952
952
952
952
952
952
953
953
953
954
954
954
954
954
955
955
955
955
955
955
956
956
956
956
956
957
957
957
957
958
958
958
959
959
959
959
959
959
959
96
96
960
960
960
960
960
960
960
961
961
961
961
961
961
962
962
962
962
962
962
962
963
963
963
963
963
963
964
964
964
964
965
965
965
965
965
965
965
965
966
966
966
966
966
966
967
967
967
967
967
967
968
968
968
968
969
969
969
969
969
969
969
969
970
970
970
970
971
971
971
971
972
972
972
972
972
973
973
973
973
973
974
974
974
974
975
975
975
976
976
976
976
976
976
977
977
977
977
977
977
977
977
977
977
977
977
978
978
978
978
978
978
978
978
978
978
979
979
979
979
979
979
979
979
979
979
979
979
98
98
980
980
980
980
980
980
980
981
981
981
981
981
981
981
981
981
981
981
981
981
982
982
982
982
982
983
983
983
983
983
983
983
984
984
984
984
984
984
984
984
984
985
985
985
985
985
985
985
986
986
986
986
986
987
988
988
988
988
988
988
989
989
989
989
989
989
989
989
989
989
989
99
990
990
990
990
990
990
990
991
991
991
991
991
991
991
991
992
992
992
992
992
992
992
992
993
993
993
993
993
993
993
993
993
993
993
993
993
993
994
994
994
994
994
995
995
995
995
995
995
995
995
995
996
996
996
996
997
997
997
997
997
997
997
997
997
997
998
998
998
998
998
998
998
998
998
999
999
999
999
999
999
100
1000
1000
1000
1000
1001
1001
1001
1001
1001
1001
1002
1002
1002
1002
1002
1003
1003
1003
1003
1003
1003
1003
1003
1003
1004
1004
1004
1005
1005
1005
1005
1005
1005
1005
1006
1006
1006
1006
1006
1007
1007
1007
1007
1007
1007
1008
1008
1008
1008
1008
1008
1008
1008
1009
1009
1009
1009
1009
1009
101
101
101
1010
1010
1010
1010
1010
1011
1011
1011
1011
1012
1012
1012
1012
1012
1012
1012
1012
1013
1013
1013
1013
1013
1014
1014
1014
1014
1014
1015
1015
1015
1015
1015
1015
1015
1015
1015
1015
1016
1016
1016
1016
1017
1017
1017
1017
1017
1017
1018
1018
1018
1018
1018
1018
1018
1018
1019
1019
1019
1019
1019
1019
102
1020
1020
1020
1020
1020
1021
1021
1021
1021
1022
1022
1022
1023
1023
1023
1023
1024
1024
1024
1024
1024
1024
1024
1024
1024
1025
1025
1025
1025
1025
1026
1026
1026
1026
1026
1026
1026
1026
1027
1027
1027
1027
1027
1027
1027
1028
1028
1028
1029
1029
1029
1029
1029
103
1030
1030
1030
1030
1030
1030
1030
1031
1031
1031
1031
1031
1031
1031
1032
1032
1032
1032
1032
1032
1032
1033
1033
1033
1033
1033
1033
1033
1033
1034
1034
1034
1034
1034
1034
1034
1034
1035
1035
1035
1035
1035
1035
1035
1036
1036
1036
1036
1036
1036
1036
1036
1037
1037
1037
1037
1037
1037
1037
1037
1037
1037
1037
1038
1038
1038
1038
1038
1038
1038
1038
1039
1039
1039
1039
1039
104
1040
1040
1040
1040
1040
1040
1040
1040
1040
1041
1041
1041
1041
1041
1041
1041
1042
1042
1042
1042
1042
1042
1042
1042
1042
1043
1043
1043
1043
1043
1043
1043
1043
1044
1044
1044
1044
1044
1044
1044
1045
1045
1045
1045
1045
1045
1045
1046
1046
1046
1047
1047
1047
1047
1047
1048
1048
1048
1048
1048
1048
1048
1048
1048
1048
1048
1048
1049
1049
1049
105
1050
1050
1050
1050
1050
1050
1050
1050
1051
1051
1051
1051
1051
1052
1052
1052
1052
1052
1052
1052
1053
1053
1053
1053
1053
1053
1053
1053
1053
1054
1054
1054
1054
1055
1055
1055
1055
1055
1055
1055
1055
1055
1055
1056
1056
1056
1056
1056
1056
1057
1057
1057
1057
1057
1057
1057
1057
1057
1057
1057
1058
1058
1058
1058
1058
1058
1058
1058
1058
1058
1059
1059
1059
1059
1059
1059
1059
1059
1059
1059
106
1060
1060
1060
1060
1060
1060
1060
1060
1060
1060
1060
1061
1061
1061
1061
1061
1062
1062
1062
1062
1062
1063
1063
1063
1063
1063
1063
1063
1063
1064
1064
1064
1064
1064
1065
1065
1065
1065
1065
1065
1065
1066
1066
1067
1067
1067
1067
1067
1067
1067
1067
1067
1068
1068
1068
1068
1068
1068
1068
1068
1068
1069
1069
1069
1069
1069
1069
107
107
1070
1070
1070
1070
1070
1070
1071
1071
1071
1071
1072
1072
1072
1072
1072
1073
1073
1073
1073
1073
1073
1073
1073
1073
1073
1073
1074
1074
1074
1074
1074
1074
1074
1074
1074
1074
1075
1075
1075
1075
1075
1075
1075
1076
1076
1076
1077
1077
1077
1077
1077
1078
1078
1079
1079
1079
1079
1079
1079
108
108
1080
1080
1080
1080
1080
1080
1081
1081
1081
1081
1081
1081
1082
1082
1082
1082
1083
1083
1084
1084
1084
1084
1084
1084
1084
1084
1085
1085
1085
1086
1086
1086
1086
1086
1086
1087
1087
1087
1087
1087
1087
1087
1088
1088
1088
1088
1088
1088
1088
1088
1088
1089
1089
1089
1089
1089
1089
1089
1089
1089
109
109
1090
1090
1090
1090
1090
1090
1091
1091
1091
1091
1091
1091
1091
1092
1092
1092
1092
1092
1093
1093
1093
1093
1093
1093
1093
1093
1093
1093
1094
1094
1094
1094
1094
1094
1094
1095
1095
1095
1095
1095
1095
1096
1096
1096
1096
1096
1096
1096
1097
1097
1097
1097
1097
1097
1097
1098
1098
1098
1098
1098
1098
1098
1099
1099
1099
1099
1099
110
1100
1100
1100
1100
1101
1101
1101
1101
1102
1102
1102
1103
1103
1103
1103
1103
1104
1104
1104
1104
1104
1105
1105
1105
1105
1105
1106
1106
1106
1107
1107
1107
1107
1107
1107
1107
1107
1108
1108
1108
1108
1108
1108
1108
1108
1108
1109
1109
1109
1109
1109
1109
1109
111
111
1110
1110
1110
1110
1110
1110
1110
1111
1111
1111
1111
1111
1111
1111
1112
1112
1112
1112
1112
1113
1113
1113
1113
1113
1113
1114
1114
1114
1114
1114
1114
1114
1114
1114
1115
1115
1115
1115
1115
1115
1115
1115
1115
1115
1116
1116
1116
1116
1116
1116
1116
1116
1116
1116
1116
1116
1116
1116
1117
1117
1117
1117
1117
1117
1117
1118
1118
1118
1119
1119
1119
1119
1119
1119
112
1120
1120
1120
1120
1121
1121
1121
1121
1121
1121
1121
1122
1122
1122
1122
1123
1123
1123
1123
1123
1124
1124
1124
1124
1124
1124
1125
1125
1125
1125
1125
1125
1126
1126
1126
1126
1126
1126
1126
1127
1127
1127
1127
1127
1127
1127
1127
1128
1128
1128
1128
1128
1128
1128
1129
1129
1129
1129
113
113
1130
1130
1130
1130
1130
1130
1130
1130
1131
1131
1131
1131
1131
1132
1132
1132
1132
1132
1133
1133
1133
1133
1133
1133
1133
1134
1134
1134
1135
1135
1135
1135
1135
1136
1136
1136
1136
1136
1136
1137
1137
1137
1137
1137
1137
1138
1138
1138
1139
1139
1139
1139
1139
114
1140
1140
1140
1140
1141
1141
1141
1141
1141
1141
1141
1141
1142
1142
1142
1142
1142
1143
1143
1143
1143
1143
1143
1143
1143
1143
1144
1144
1144
1144
1144
1144
1144
1144
1145
1145
1145
1145
1145
1145
1145
1146
1146
1146
1146
1146
1146
1147
1147
1147
1147
1147
1147
1148
1148
1148
1148
1149
1149
1149
1149
1149
1149
1150
1150
1151
1151
1151
1152
1152
1152
1153
1153
1153
1153
1153
1153
1153
1153
1154
1154
1154
1154
1154
1154
1155
1155
1155
1155
1155
1155
1155
1156
1156
1156
1156
1156
1156
1157
1157
1157
1157
1157
1157
1158
1158
1158
1158
1158
1158
1159
1159
116
116
1160
1160
1160
1160
1160
1161
1161
1161
1161
1161
1161
1162
1162
1162
1162
1162
1162
1162
1162
1163
1163
1163
1163
1163
1163
1163
1163
1163
1163
1164
1164
1164
1164
1164
1164
1164
1164
1164
1164
1164
1165
1165
1165
1165
1166
1166
1166
1166
1166
1167
1167
1167
1167
1167
1167
1167
1167
1167
1167
1168
1168
1168
1168
1168
1169
1169
1169
1169
1169
1169
1169
1169
1169
1169
117
1170
1170
1171
1171
1171
1171
1171
1172
1172
1172
1172
1172
1172
1172
1172
1172
1172
1173
1173
1173
1174
1174
1174
1174
1174
1174
1174
1174
1175
1175
1175
1175
1175
1176
1176
1176
1176
1177
1177
1177
1177
1178
1178
1178
1178
1179
1179
1179
1179
1179
1179
1180
1180
1180
1180
1180
1180
1181
1181
1181
1181
1181
1181
1181
1181
1182
1182
1182
1182
1182
1182
1182
1182
1183
1183
1183
1183
1183
1183
1184
1184
1184
1184
1184
1184
1184
1185
1185
1185
1185
1186
1186
1186
1186
1186
1186
1187
1187
1187
1187
1188
1188
1188
1188
1188
1188
1188
1188
1189
1189
1189
1189
1189
1189
119
1190
1190
1190
1190
1190
1190
1191
1191
1191
1191
1191
1191
1192
1192
1192
1192
1192
1192
1193
1193
1193
1193
1193
1193
1193
1194
1194
1194
1194
1194
1194
1195
1195
1195
1195
1196
1196
1196
1196
1196
1197
1197
1197
1198
1198
1198
1198
1198
1198
1199
1199
1199
1199
1199
1200
1200
1200
1200
1200
1200
1200
1201
1201
1201
1202
1202
1202
1202
1202
1202
1202
1203
1203
1203
1203
1203
1203
1203
1204
1204
1204
1204
1204
1204
1204
1205
1205
1205
1205
1206
1206
1206
1206
1206
1206
1207
1207
1208
1208
1208
1208
1208
1208
1209
1209
1209
1209
1209
1209
121
1210
1210
1210
1211
1211
1211
1211
1211
1211
1211
1212
1212
1212
1212
1212
1213
1213
1213
1214
1214
1214
1215
1215
1215
1216
1216
1216
1216
1216
1216
1216
1216
1216
1216
1216
1216
1217
1217
1217
1217
1217
1217
1218
1218
1218
1218
1218
1218
1218
1219
1219
1219
1219
1219
1219
1219
1219
1219
1219
1219
1220
1220
1220
1221
1221
1221
1221
1222
1222
1222
1222
1222
1222
1222
1222
1223
1223
1223
1223
1223
1223
1223
1224
1224
1224
1224
1224
1224
1224
1224
1224
1225
1225
1225
1225
1225
1225
1225
1225
1225
1226
1226
1226
1226
1226
1227
1227
1227
1227
1227
1228
1228
1228
1228
1228
1228
1228
1228
1229
1229
1229
1229
1229
1229
1230
1230
1230
1231
1231
1231
1231
1232
1232
1232
1232
1232
1232
1232
1232
1232
1233
1233
1233
1233
1233
1233
1233
1233
1234
1234
1234
1234
1235
1235
1235
1235
1235
1235
1236
1236
1236
1236
1236
1236
1237
1237
1237
1237
1237
1238
1238
1238
1238
1238
1238
1238
1239
1239
1239
1239
1239
1239
1240
1240
1240
1240
1240
1240
1240
1240
1240
1240
1241
1241
1241
1241
1242
1242
1242
1242
1242
1242
1242
1243
1243
1243
1243
1243
1243
1243
1244
1244
1244
1244
1245
1245
1245
1245
1245
1245
1246
1246
1246
1246
1246
1246
1246
1246
1246
1247
1247
1247
1247
1247
1248
1248
1248
1248
1248
1248
1248
1249
1249
1249
1249
1249
1249
1249
1249
1249
1249
125
1250
1250
1250
1250
1250
1250
1251
1251
1251
1251
1251
1251
1252
1252
1252
1252
1253
1253
1253
1253
1253
1253
1253
1254
1254
1254
1254
1254
1254
1255
1255
1255
1255
1255
1255
1255
1255
1256
1256
1256
1256
1256
1257
1257
1257
1257
1257
1258
1258
1258
1258
1258
1258
1258
1258
1259
1259
1259
1259
1259
1259
126
1260
1260
1260
1260
1260
1260
1260
1260
1261
1261
1261
1261
1261
1261
1262
1262
1263
1263
1263
1263
1264
1264
1264
1264
1265
1265
1265
1265
1265
1265
1265
1266
1266
1266
1266
1266
1266
1267
1267
1267
1267
1268
1268
1268
1268
1268
1269
1269
1269
1269
1269
1269
1269
127
127
127
1270
1270
1270
1270
1270
1270
1271
1272
1272
1272
1273
1273
1273
1274
1274
1274
1275
1275
1275
1275
1275
1275
1276
1276
1276
1276
1276
1276
1276
1277
1277
1277
1277
1277
1277
1277
1277
1277
1278
1278
1278
1278
1278
1278
1279
1279
128
1280
1280
1280
1280
1280
1280
1280
1280
1281
1281
1281
1281
1281
1281
1281
1282
1282
1282
1282
1282
1282
1282
1283
1283
1283
1283
1284
1284
1284
1284
1284
1284
1285
1285
1285
1285
1285
1285
1285
1285
1286
1286
1286
1286
1286
1286
1286
1286
1286
1287
1287
1287
1287
1287
1288
1288
1288
1288
1289
1289
1289
1289
1289
1289
129
129
1290
1290
1290
1290
1290
1290
1290
1290
1290
1291
1291
1292
1292
1292
1292
1292
1292
1293
1294
1294
1294
1294
1294
1294
1295
1295
1295
1295
1295
1295
1295
1295
1295
1296
1296
1296
1296
1296
1296
1296
1296
1296
1297
1297
1297
1297
1297
1297
1297
1297
1298
1298
1298
1298
1298
1299
1299
1299
1299
1299
1299
1299
1299
130
130
130
1300
1300
1300
1300
1300
1300
1300
1300
1300
1300
1300
1300
1300
1301
1301
1301
1301
1301
1301
1301
1301
1302
1302
1302
1302
1303
1303
1303
1304
1304
1304
1304
1304
1304
1305
1305
1305
1305
1305
1305
1305
1306
1306
1306
1306
1307
1307
1307
1307
1307
1307
1308
1308
1309
1309
131
1310
1310
1310
1310
1310
1310
1310
1311
1311
1311
1311
1312
1312
1312
1312
1312
1312
1312
1312
1312
1312
1313
1313
1313
1313
1313
1313
1313
1313
1313
1314
1314
1314
1314
1314
1315
1315
1315
1315
1315
1315
1315
1316
1316
1316
1316
1317
1318
1318
1318
1318
1318
1318
1318
1318
1318
1319
1319
1319
1319
132
132
1320
1320
1320
1320
1320
1320
1321
1321
1321
1321
1321
1322
1322
1322
1322
1323
1323
1323
1323
1323
1323
1323
1324
1324
1324
1325
1325
1325
1326
1326
1326
1326
1326
1326
1327
1327
1327
1327
1328
1328
1328
1328
1329
1329
1329
1329
1329
1329
133
1330
1330
1330
1331
1331
1331
1331
1331
1331
1331
1331
1331
1332
1332
1332
1332
1333
1333
1333
1334
1334
1334
1334
1335
1335
1335
1335
1335
1335
1336
1336
1336
1336
1337
1337
1337
1337
1337
1337
1337
1337
1338
1338
1338
1338
1339
1339
1339
1339
1339
1339
1339
1339
134
134
1340
1340
1340
1340
1340
1341
1341
1341
1342
1342
1342
1343
1343
1343
1343
1343
1343
1343
1343
1344
1344
1344
1344
1344
1345
1345
1345
1345
1345
1346
1346
1346
1346
1346
1346
1346
1347
1347
1347
1347
1347
1347
1348
1348
1348
1348
1348
1348
1348
1348
1348
1348
1349
135
1350
1350
1350
1350
1350
1350
1350
1351
1351
1351
1352
1352
1352
1352
1352
1352
1352
1352
1352
1353
1354
1354
1354
1354
1354
1355
1355
1355
1355
1355
1356
1356
1357
1357
1357
1357
1357
1358
1358
1359
1359
1359
1359
1359
136
136
1360
1360
1360
1360
1360
1360
1360
1360
1360
1361
1361
1361
1361
1361
1361
1362
1362
1362
1362
1362
1362
1362
1363
1363
1363
1363
1363
1363
1363
1363
1364
1364
1364
1364
1364
1364
1364
1365
1365
1365
1366
1366
1366
1366
1366
1367
1367
1367
1367
1368
1368
1368
1368
1368
1369
1369
1369
1369
137
1370
1370
1371
1371
1371
1371
1371
1371
1371
1371
1372
1372
1372
1372
1373
1373
1373
1373
1373
1373
1373
1373
1373
1374
1374
1375
1375
1375
1375
1375
1375
1375
1376
1376
1376
1376
1377
1377
1377
1378
1378
1378
1378
1378
1378
1378
1378
1379
1379
1379
1379
138
1380
1380
1380
1380
1381
1381
1381
1382
1382
1383
1383
1383
1383
1383
1383
1383
1383
1383
1383
1384
1384
1384
1384
1384
1384
1384
1385
1385
1385
1385
1385
1386
1386
1386
1386
1386
1386
1386
1386
1387
1387
1387
1387
1387
1387
1387
1387
1387
1388
1388
1388
1388
1388
1388
1388
1388
1389
1389
139
139
1390
1390
1390
1391
1391
1391
1391
1391
1391
1391
1392
1392
1392
1392
1392
1392
1392
1392
1393
1393
1393
1393
1393
1394
1394
1394
1394
1394
1394
1394
1394
1394
1395
1395
1395
1395
1396
1396
1397
1397
1397
1397
1397
1398
1398
1399
1399
1399
14
1400
1400
1400
1400
1401
1401
1401
1401
1401
1402
1402
1402
1402
1402
1402
1402
1403
1403
1403
1403
1403
1403
1404
1404
1404
1404
1405
1405
1405
1405
1405
1405
1405
1405
1405
1405
1405
1405
1406
1406
1406
1406
1406
1407
1407
1407
1407
1408
1408
1408
1408
1409
141
141
1410
1410
1410
1410
1410
1410
1410
1411
1411
1411
1411
1411
1412
1412
1412
1412
1413
1413
1413
1413
1413
1413
1414
1414
1414
1414
1414
1415
1415
1415
1415
1415
1416
1416
1416
1416
1416
1416
1416
1416
1417
1417
1417
1417
1418
1418
1418
1418
1418
1418
1418
1419
1419
1419
1419
142
1420
1420
1420
1420
1420
1421
1421
1422
1422
1422
1422
1422
1422
1423
1423
1423
1423
1423
1423
1423
1424
1424
1424
1425
1425
1425
1425
1426
1426
1427
1427
1427
1427
1427
1427
1427
1427
1427
1427
1427
1428
1428
1428
1428
1428
1428
1429
1429
1429
143
1430
1430
1431
1431
1431
1431
1431
1432
1432
1433
1433
1433
1433
1434
1435
1435
1435
1435
1435
1435
1435
1435
1436
1436
1436
1436
1436
1436
1437
1437
1437
1437
1437
1437
1437
1437
1438
1438
1438
1438
1438
1438
1438
1439
1439
1439
1439
1439
1439
1439
1439
1440
1440
1440
1441
1441
1441
1441
1441
1441
1441
1442
1442
1442
1442
1442
1442
1442
1443
1443
1443
1443
1443
1443
1443
1444
1444
1444
1444
1444
1444
1444
1444
1444
1445
1445
1445
1445
1445
1445
1445
1446
1446
1446
1446
1446
1446
1447
1447
1447
1447
1447
1447
1448
1448
1448
1448
1449
1449
1449
145
145
1450
1450
1450
1451
1452
1452
1452
1452
1452
1452
1452
1453
1453
1453
1453
1453
1453
1453
1454
1454
1454
1454
1455
1455
1455
1455
1455
1455
1455
1456
1456
1456
1456
1456
1456
1456
1457
1457
1457
1457
1457
1457
1457
1457
1457
1457
1457
1457
1457
1458
1458
1458
1458
1458
1458
1458
1458
1458
1459
1459
1459
1459
1459
1459
146
1460
1460
1460
1460
1460
1460
1460
1460
1461
1461
1461
1461
1461
1461
1461
1462
1462
1463
1463
1463
1463
1463
1464
1464
1465
1465
1465
1466
1466
1467
1467
1467
1467
1467
1467
1467
1468
1468
1468
1468
1469
1469
1469
1469
1469
147
1470
1470
1470
1470
1470
1470
1470
1471
1471
1471
1471
1471
1471
1471
1471
1472
1472
1472
1473
1473
1473
1474
1474
1474
1474
1474
1475
1475
1475
1476
1476
1476
1476
1476
1476
1476
1476
1477
1477
1477
1477
1478
1478
1479
1479
1479
1479
1479
1479
1479
1479
148
148
148
1480
1480
1480
1480
1481
1481
1482
1482
1482
1482
1482
1482
1482
1482
1483
1483
1483
1483
1483
1483
1483
1483
1484
1484
1484
1485
1485
1485
1485
1485
1485
1485
1486
1486
1487
1487
1487
1487
1489
1489
1489
1489
149
149
1490
1490
1490
1491
1491
1491
1492
1492
1492
1493
1493
1493
1494
1494
1494
1495
1495
1495
1495
1495
1496
1496
1496
1496
1497
1497
1497
1497
1497
1498
1498
1498
1498
1499
1499
1499
150
1500
1500
1500
1500
1500
1500
1500
1500
1501
1501
1501
1501
1501
1501
1501
1501
1501
1501
1501
1502
1502
1502
1502
1502
1502
1503
1503
1503
1503
1503
1503
1503
1504
1504
1504
1504
1505
1506
1506
1506
1506
1506
1507
1507
1507
1507
1507
1508
1508
1509
1509
1509
1509
1509
1509
1509
151
1510
1510
1510
1510
1511
1511
1511
1512
1512
1512
1513
1513
1513
1513
1513
1513
1513
1513
1513
1514
1514
1514
1514
1514
1514
1514
1515
1515
1515
1515
1515
1516
1516
1516
1516
1516
1516
1516
1516
1516
1517
1517
1517
1517
1518
1519
1519
1519
1519
1519
1519
152
152
152
1520
1520
1520
1520
1520
1520
1520
1521
1521
1521
1521
1521
1521
1522
1522
1522
1522
1522
1522
1522
1523
1523
1523
1523
1524
1524
1524
1524
1524
1524
1526
1526
1527
1527
1527
1527
1528
1528
1528
1528
1528
1528
1528
1528
1528
1529
1529
1529
1529
1529
1529
153
153
1530
1530
1530
1530
1530
1531
1531
1532
1532
1532
1532
1532
1532
1532
1533
1533
1533
1533
1533
1533
1534
1534
1535
1535
1535
1535
1537
1537
1537
1538
1538
1538
1538
1538
1539
1539
1539
1540
1540
1540
1540
1540
1540
1540
1541
1541
1541
1541
1542
1542
1542
1542
1542
1543
1543
1543
1543
1543
1544
1544
1544
1544
1544
1544
1544
1545
1545
1545
1546
1546
1546
1546
1547
1547
1548
1548
1548
1548
1548
1549
1549
1549
1549
1549
1549
155
1550
1550
1550
1551
1551
1551
1551
1552
1552
1552
1552
1552
1552
1552
1553
1553
1554
1554
1554
1554
1554
1554
1554
1555
1556
1556
1556
1556
1556
1556
1557
1557
1557
1558
1558
1559
1559
1559
156
1560
1560
1560
1560
1561
1561
1561
1561
1561
1561
1561
1561
1562
1562
1562
1562
1563
1563
1563
1563
1563
1564
1564
1564
1564
1564
1564
1564
1564
1565
1565
1565
1565
1565
1566
1567
1567
1567
1567
1567
1567
1568
1568
1568
1568
1568
1568
1568
1568
1569
1569
1569
1569
1569
1569
1569
1569
157
157
157
1570
1570
1570
1570
1570
1570
1570
1570
1570
1571
1571
1571
1571
1571
1571
1572
1572
1572
1572
1572
1573
1574
1574
1574
1574
1574
1575
1575
1575
1575
1575
1576
1576
1576
1576
1576
1576
1577
1577
1578
1578
1578
1578
1578
1579
1579
1579
1579
1579
158
158
1580
1580
1580
1580
1580
1581
1581
1581
1582
1582
1582
1582
1582
1582
1582
1583
1583
1583
1584
1584
1584
1584
1584
1585
1585
1585
1585
1585
1586
1586
1586
1586
1586
1586
1586
1586
1587
1587
1588
1588
1588
1588
1589
1589
1589
1589
1589
1589
1589
159
159
1590
1590
1591
1591
1591
1591
1592
1592
1592
1593
1593
1593
1593
1593
1594
1594
1594
1594
1594
1594
1594
1595
1595
1595
1595
1596
1596
1596
1596
1596
1596
1597
1597
1598
1598
1598
1598
1599
1599
1599
1599
1599
1599
16
160
160
160
1600
1600
1600
1600
1601
1601
1601
1601
1601
1601
1602
1603
1603
1603
1603
1603
1604
1604
1604
1604
1604
1604
1604
1604
1605
1605
1605
1605
1606
1607
1607
1607
1607
1607
1608
1608
1608
1609
1609
1609
1609
161
161
161
1610
1610
1610
1610
1610
1610
1610
1611
1611
1612
1612
1612
1613
1613
1613
1613
1613
1613
1613
1613
1615
1615
1615
1615
1616
1616
1616
1616
1616
1617
1617
1617
1618
1618
1618
1618
1619
1619
162
162
1620
1620
1621
1621
1621
1621
1621
1621
1622
1622
1622
1622
1622
1623
1623
1623
1623
1624
1624
1625
1625
1625
1626
1626
1626
1627
1627
1627
1627
1627
1627
1627
1627
1627
1628
1628
1628
1628
1628
1628
1628
1628
1629
1629
1629
1629
1629
1629
1629
163
1630
1630
1630
1630
1631
1631
1631
1632
1632
1633
1633
1633
1633
1633
1634
1634
1634
1635
1635
1635
1635
1635
1635
1635
1636
1636
1637
1637
1637
1637
1637
1637
1637
1638
1638
1638
1638
1638
1638
1638
1639
1639
164
1640
1640
1640
1640
1641
1641
1641
1641
1641
1642
1642
1642
1642
1642
1642
1642
1643
1644
1644
1644
1644
1644
1645
1645
1645
1645
1645
1645
1645
1646
1646
1646
1646
1647
1647
1647
1648
1648
1648
1648
1648
1649
1649
1649
165
1650
1650
1650
1650
1650
1650
1650
1651
1651
1651
1651
1651
1652
1652
1653
1653
1653
1653
1653
1654
1654
1654
1654
1654
1655
1655
1655
1656
1656
1656
1656
1657
1657
1657
1657
1658
1658
1658
1659
1659
1659
1659
1659
1659
1659
166
1660
1660
1660
1661
1661
1662
1662
1662
1662
1662
1664
1664
1664
1664
1664
1664
1664
1665
1665
1665
1665
1665
1665
1666
1666
1666
1667
1667
1667
1667
1667
1667
1667
1667
1668
1668
1668
1669
1669
1669
167
167
167
1670
1670
1670
1670
1671
1671
1671
1672
1672
1673
1673
1673
1673
1673
1673
1673
1674
1674
1674
1674
1675
1675
1675
1676
1676
1676
1676
1676
1676
1676
1676
1677
1677
1677
1677
1678
1678
1678
1678
1679
1679
1679
1679
1679
1679
168
168
168
168
168
1680
1680
1680
1681
1682
1682
1682
1682
1682
1682
1683
1683
1683
1683
1684
1684
1684
1684
1684
1684
1684
1684
1684
1685
1685
1685
1685
1685
1685
1686
1686
1686
1686
1687
1687
1687
1687
1687
1687
1688
1688
1688
1688
1688
1688
1689
1689
1689
169
169
1690
1690
1690
1691
1691
1691
1692
1692
1692
1692
1692
1692
1693
1693
1693
1693
1693
1694
1694
1694
1694
1694
1695
1695
1695
1695
1696
1696
1696
1696
1696
1697
1697
1697
1697
1697
1698
1698
1698
17
170
1700
1700
1700
1700
1700
1701
1701
1701
1701
1701
1701
1701
1702
1702
1702
1702
1702
1703
1703
1703
1703
1703
1703
1703
1703
1704
1705
1705
1705
1705
1706
1707
1707
1707
1707
1707
1708
1708
1708
1709
1709
1709
1709
1709
171
171
171
1710
1710
1710
1710
1710
1710
1711
1711
1711
1712
1712
1712
1712
1712
1712
1713
1713
1713
1714
1715
1715
1715
1716
1717
1717
1717
1717
1718
1718
1718
1718
1719
1719
1719
1719
1719
172
172
172
1720
1721
1721
1721
1721
1721
1721
1721
1722
1722
1722
1722
1722
1722
1723
1723
1723
1724
1724
1724
1725
1725
1725
1725
1726
1727
1727
1727
1727
1728
1728
1728
1728
1728
1728
1729
1729
1730
1730
1730
1730
1730
1731
1731
1731
1732
1732
1732
1732
1732
1732
1733
1733
1733
1733
1733
1733
1733
1733
1733
1734
1735
1735
1735
1736
1736
1737
1737
1737
1737
1738
1738
1738
1738
1739
174
174
174
174
174
1740
1740
1740
1740
1741
1741
1741
1742
1742
1742
1742
1742
1742
1742
1743
1743
1743
1744
1744
1745
1745
1745
1745
1745
1746
1746
1746
1747
1747
1747
1747
1748
1748
1748
1748
1749
1749
1749
1749
1749
175
175
1750
1750
1750
1750
1750
1750
1750
1751
1751
1752
1752
1753
1753
1753
1753
1753
1754
1755
1755
1756
1756
1756
1756
1756
1756
1757
1757
1757
1757
1757
1757
1757
1758
1758
1758
1758
1758
1759
1759
1759
176
176
1760
1760
1761
1761
1761
1762
1762
1762
1762
1763
1763
1763
1764
1764
1765
1765
1765
1765
1765
1765
1766
1766
1766
1767
1767
1767
1768
1768
1768
1769
1769
1769
1769
1769
1769
1769
177
177
1770
1770
1771
1771
1771
1771
1771
1772
1773
1773
1773
1773
1774
1774
1774
1775
1775
1775
1775
1777
1777
1777
1777
1778
1779
1779
178
178
178
178
178
178
1780
1780
1780
1780
1780
1780
1780
1781
1781
1781
1782
1782
1782
1782
1783
1783
1783
1783
1783
1783
1783
1784
1784
1784
1784
1784
1784
1784
1785
1785
1785
1785
1786
1786
1786
1787
1787
1787
1788
1788
1788
1788
1788
1788
1788
1789
1789
1789
179
1790
1790
1791
1791
1791
1792
1792
1792
1792
1793
1793
1794
1795
1795
1795
1795
1796
1796
1796
1796
1797
1797
1798
180
180
180
180
1800
1800
1800
1800
1802
1802
1802
1802
1803
1803
1803
1804
1804
1805
1805
1805
1805
1805
1806
1806
1807
1807
1807
1807
1807
1808
1808
1808
1808
1808
1808
1809
1809
181
181
181
1810
1810
1810
1810
1810
1810
1810
1811
1811
1811
1811
1811
1812
1812
1812
1812
1812
1812
1813
1813
1814
1814
1815
1815
1815
1815
1815
1816
1816
1816
1816
1816
1816
1817
1817
1817
1819
1819
1819
1819
182
182
182
1820
1820
1821
1821
1822
1822
1823
1823
1823
1824
1824
1824
1824
1825
1825
1825
1825
1826
1827
1827
1827
1827
1827
1828
1828
1828
1828
1828
1829
1829
1829
1829
1829
1829
183
183
183
183
183
183
183
183
1830
1830
1830
1830
1830
1831
1831
1831
1831
1831
1832
1832
1832
1833
1833
1833
1833
1833
1834
1834
1835
1835
1836
1836
1836
1836
1836
1836
1837
1837
1837
1837
1838
1839
1839
184
1840
1841
1841
1841
1842
1842
1842
1843
1843
1844
1844
1844
1844
1845
1845
1845
1845
1845
1845
1846
1846
1846
1846
1846
1847
1847
1847
1848
1848
1849
1849
1849
1849
185
1850
1850
1850
1850
1850
1850
1851
1851
1851
1852
1852
1852
1852
1852
1852
1853
1853
1853
1854
1854
1854
1855
1855
1856
1856
1856
1857
1857
1857
1857
1857
1857
1858
1858
1859
1859
186
186
186
186
1860
1860
1861
1861
1862
1862
1863
1864
1865
1866
1866
1866
1866
1867
1867
1867
1867
1868
1868
1868
1868
1869
1869
1869
1869
187
187
1870
1870
1870
1871
1871
1871
1871
1872
1872
1872
1873
1873
1873
1873
1874
1875
1875
1876
1876
1877
1877
1877
1877
1878
1879
1879
1879
1879
1879
188
188
1880
1880
1880
1880
1880
1880
1881
1881
1881
1881
1881
1882
1882
1883
1883
1884
1885
1885
1886
1887
1888
1889
1889
1889
1889
1889
1889
1889
189
189
1890
1890
1890
1890
1892
1892
1892
1892
1892
1893
1893
1894
1894
1895
1895
1896
1896
1896
1896
1896
1896
1896
1897
1897
1897
1897
1897
1897
1898
1898
1898
1898
1899
190
190
190
190
1900
1900
1900
1900
1901
1901
1901
1901
1901
1902
1902
1902
1902
1902
1903
1903
1903
1904
1905
1905
1905
1906
1906
1907
1907
1907
1909
1909
1909
1909
1909
191
191
1911
1911
1912
1912
1913
1913
1913
1914
1914
1914
1915
1915
1915
1916
1916
1917
1917
1918
1918
1918
1918
1918
1918
1918
1919
1919
1919
1919
1919
1919
1919
1919
192
192
192
192
192
1920
1920
1920
1921
1921
1921
1922
1922
1922
1922
1922
1923
1924
1925
1925
1925
1926
1926
1927
1927
1927
1929
1929
1929
1929
193
193
193
193
193
193
193
1930
1931
1931
1931
1931
1931
1932
1932
1933
1934
1934
1935
1935
1936
1937
1937
1938
1938
1939
1939
194
194
194
194
1940
1940
1941
1942
1942
1942
1942
1942
1942
1942
1942
1943
1943
1943
1943
1943
1943
1943
1944
1944
1945
1946
1946
1946
1947
1947
1948
1948
1949
195
1950
1950
1950
1950
1950
1951
1951
1951
1951
1952
1952
1952
1952
1953
1953
1953
1954
1954
1954
1955
1955
1956
1956
1958
1958
1958
1958
1959
196
1960
1960
1961
1962
1963
1964
1964
1964
1965
1965
1965
1965
1965
1966
1966
1966
1967
1968
1968
1969
1969
1969
1969
197
197
197
1970
1970
1970
1971
1971
1971
1971
1972
1972
1972
1973
1973
1973
1973
1973
1973
1973
1974
1974
1975
1975
1975
1975
1975
1975
1975
1976
1977
1977
1977
1977
1977
1977
1978
1978
1978
1978
1978
1978
1979
1979
1979
198
198
198
1980
1980
1981
1981
1981
1981
1982
1982
1982
1982
1982
1983
1983
1984
1984
1984
1985
1986
1987
1987
1988
1988
1988
1988
1989
1990
1990
1991
1992
1992
1993
1993
1994
1995
1995
1997
1998
1998
1999
1999
1999
1999
200
200
200
200
200
2000
2000
2000
2000
2000
2001
2002
2002
2004
2004
2005
2005
2005
2006
2006
2006
2006
2007
2007
2008
2008
2008
2009
2009
201
201
201
201
2010
2010
2010
2010
2010
2010
2011
2012
2012
2012
2013
2013
2013
2013
2013
2014
2015
2015
2015
2015
2016
2017
2017
2017
2018
2019
2019
2019
2019
202
202
202
2020
2020
2020
2020
2020
2021
2021
2021
2021
2021
2022
2022
2022
2022
2022
2023
2023
2023
2023
2024
2024
2025
2026
2026
2026
2026
2027
2027
2027
2028
2028
2028
2029
2029
2029
2029
203
203
203
203
203
2030
2030
2030
2030
2031
2032
2032
2033
2033
2033
2034
2034
2035
2035
2036
2037
2037
2037
2037
2037
2038
2038
2038
2038
2039
2039
204
204
204
204
2040
2040
2041
2041
2042
2042
2042
2043
2044
2044
2045
2045
2046
2046
2047
2047
2047
2048
2048
2049
2049
2049
2049
2049
205
205
2050
2050
2050
2050
2051
2051
2052
2053
2053
2053
2053
2053
2054
2054
2055
2055
2055
2056
2056
2056
2056
2057
2058
2058
2058
2059
2059
2059
206
206
206
206
206
206
2060
2060
2060
2061
2061
2062
2062
2062
2062
2063
2063
2063
2063
2063
2066
2067
2067
2067
2067
2068
2068
2068
2069
2069
2069
207
207
207
2070
2070
2070
2071
2073
2073
2073
2074
2074
2074
2075
2075
2075
2076
2077
2077
2077
2078
2078
208
208
2081
2081
2083
2083
2083
2084
2084
2084
2085
2085
2085
2086
2087
2088
2088
2088
2089
209
209
209
209
209
2091
2091
2093
2093
2093
2093
2094
2094
2094
2094
2095
2095
2096
2096
2097
2097
2098
2099
21
210
210
210
2100
2100
2101
2101
2101
2101
2101
2102
2103
2104
2105
2105
2106
2106
2107
2107
2107
2107
2107
2108
2108
2108
2108
2109
2109
2109
211
211
211
2110
2111
2112
2112
2113
2114
2114
2114
2114
2114
2116
2116
2116
2116
2116
2117
2117
2118
2118
2118
2118
2119
2119
2119
2119
212
212
212
212
2120
2120
2121
2121
2122
2122
2123
2124
2124
2124
2124
2125
2125
2125
2125
2125
2126
2126
2127
2128
2129
2129
2129
213
213
2130
2130
2130
2132
2132
2132
2133
2133
2133
2134
2134
2134
2135
2135
2136
2136
2136
2137
2137
2137
2139
2139
214
214
214
214
2140
2140
2140
2141
2141
2142
2145
2145
2146
2146
2147
2148
2149
2149
2149
2149
215
215
215
215
215
215
2150
2151
2151
2152
2153
2153
2153
2153
2153
2153
2154
2155
2156
2157
2158
2158
2158
2158
2159
216
216
216
2160
2160
2161
2161
2162
2163
2163
2165
2166
2166
2166
2166
2167
2167
2169
2169
217
217
217
217
217
2170
2170
2173
2174
2175
2177
2178
2178
2178
2178
2178
218
218
218
2183
2184
2184
2184
2186
2187
2188
2189
2189
2189
2189
219
219
2190
2190
2190
2190
2192
2194
2194
2195
2196
2196
2196
2196
2196
2198
2198
2198
2199
2199
220
220
220
220
220
2200
2200
2201
2202
2203
2204
2205
2205
2206
2206
2208
221
221
221
2210
2212
2212
2214
2214
2215
2216
2216
2216
2216
2217
2218
2218
2218
222
222
2220
2221
2221
2221
2222
2223
2224
2226
2229
2230
2230
2230
2231
2232
2232
2232
2233
2233
2233
2234
2234
2235
2236
2236
2236
2236
2237
2238
2239
2239
2239
224
224
224
224
2240
2241
2242
2244
2244
2245
2245
2245
2246
2247
2248
2249
2249
225
225
225
225
225
2250
2252
2252
2254
2254
2254
2255
2255
2259
226
226
226
226
226
226
2260
2261
2261
2261
2262
2262
2263
2264
2264
2265
2267
2267
2268
2269
227
227
227
227
2270
2271
2271
2272
2272
2273
2273
2273
2275
2276
2276
2277
2278
2278
2278
2279
228
228
228
2280
2280
2281
2281
2283
2283
2284
2287
2287
2287
2288
2289
229
229
229
2291
2292
2292
2292
2292
2292
2293
2294
2295
2295
2295
2296
2297
2298
2298
2299
23
23
230
230
230
230
2300
2300
2300
2301
2302
2302
2303
2308
2308
2309
2309
231
231
2312
2313
2313
2313
2314
2314
2315
2317
2317
2317
2318
232
232
232
2320
2320
2320
2323
2323
2324
2325
2326
2326
2326
2329
233
233
2330
2330
2332
2334
2335
2337
2337
2337
2338
234
234
234
234
234
2340
2340
2341
2344
2344
2345
2346
2347
2348
2348
235
235
2350
2350
2352
2353
2353
2354
2355
2357
2357
2357
2358
236
236
236
236
236
236
2362
2364
2364
2365
2368
2369
2369
237
237
237
237
2372
2374
2375
2375
2377
2378
238
238
238
238
238
238
2380
2382
2382
2382
2384
2387
2387
2387
2387
2388
2388
2388
2389
239
2391
2392
2392
2393
2394
2394
2395
2396
2398
2398
2399
2399
2400
2401
2401
2404
2408
2408
2408
241
241
241
2410
2411
2412
2414
2414
2414
2415
2415
2416
2416
2417
242
242
242
242
242
2422
2422
2423
2424
2424
2424
2424
2425
2429
243
243
2430
2431
2434
2434
2435
2436
2436
2439
2439
244
244
244
244
2441
2442
2443
2443
2444
2444
2444
2445
2446
2446
2446
2446
2446
2447
2449
2449
245
245
245
2450
2451
2451
2452
2452
2453
2455
2457
2457
2459
2459
246
2460
2462
2462
2462
2463
2463
2464
2464
2465
2465
2465
2466
2467
2469
247
2471
2472
2475
2475
2477
2478
2479
248
2481
2482
2483
2485
2488
2489
249
249
2492
2493
2493
2496
2499
2499
2499
25
25
250
250
250
250
250
2501
2503
2507
2508
2509
251
251
251
251
2510
2512
2514
2515
2515
2518
252
252
2523
2526
2527
253
253
253
253
253
253
2530
2531
2532
2537
2537
2538
254
2542
2543
2543
2543
2544
2546
2546
2549
255
255
255
255
255
2550
2551
2551
2554
2556
2557
2557
2558
2559
2559
256
256
256
2562
2564
2564
2565
2567
2569
2569
257
2570
2570
2570
2571
2572
2579
258
258
2581
2581
2583
2585
2586
2586
2587
2588
2588
2588
259
2592
2592
2593
2595
2597
260
260
260
260
2602
2602
2603
2607
2608
2608
2609
261
261
261
261
261
261
2617
2619
2625
2626
263
263
263
263
2630
2633
2637
264
264
264
2640
2643
265
265
265
2650
2653
2656
2656
2657
2657
2658
2659
266
266
266
266
266
266
2663
2664
2670
2671
2672
2673
2673
2675
2677
268
268
2685
2686
2689
269
269
269
269
269
2695
2696
27
270
270
270
270
270
2700
2701
2707
2707
2708
271
271
271
271
2711
2712
2715
2718
272
272
272
272
272
272
272
272
2720
2727
273
2736
2738
274
274
274
274
274
2741
2742
2746
2747
2749
2750
2753
2756
276
276
276
276
277
277
2770
2773
2774
278
278
278
2781
2782
2782
2786
279
279
2790
2796
28
280
280
280
2803
281
281
2810
282
282
282
282
2828
283
283
283
283
283
283
283
2830
2831
2832
2832
2836
284
284
284
284
285
285
2851
2854
286
286
286
286
2862
2869
287
287
287
287
2878
288
288
2882
2885
2886
2887
2888
2889
289
289
289
289
2895
290
290
290
2900
291
291
291
291
291
292
292
292
2926
293
293
2930
2930
2932
2933
2936
2936
2939
294
294
294
294
294
294
294
294
2949
295
295
2951
296
296
296
2961
2967
297
297
297
297
297
2973
298
298
298
2985
299
299
299
299
299
2991
300
300
301
301
301
301
302
302
302
302
303
303
3033
3039
304
3040
3046
3049
305
305
305
305
305
305
305
305
306
306
306
306
306
3060
3061
307
307
307
307
307
307
307
308
308
309
309
309
3095
310
310
3104
311
311
311
311
312
312
312
312
3125
313
313
313
314
314
314
314
3140
315
315
315
315
315
315
316
316
316
316
318
318
318
3189
319
319
319
319
3190
320
321
321
321
321
322
323
323
323
323
324
324
324
324
324
324
325
325
326
326
326
327
327
327
327
327
328
329
329
329
330
330
330
331
331
331
331
332
332
332
333
333
334
334
334
334
334
335
336
336
336
336
336
337
337
337
337
337
337
338
339
340
341
341
341
341
342
342
342
343
343
344
344
344
345
345
345
345
345
346
346
346
346
347
347
347
347
347
347
348
348
348
348
349
349
349
349
349
350
350
350
350
351
351
352
352
352
352
352
353
353
353
354
355
355
355
356
356
357
357
357
357
358
358
358
358
358
358
358
359
359
359
359
36
360
360
361
361
361
362
362
362
362
363
363
363
363
363
363
363
364
364
364
364
364
365
365
365
366
366
366
367
367
367
367
367
367
369
369
369
369
370
370
370
370
370
371
371
371
371
372
373
373
373
374
374
374
374
374
374
374
375
375
375
375
375
375
376
377
377
377
378
378
378
378
379
379
380
380
380
380
380
380
380
380
381
381
381
381
381
381
381
381
382
382
382
382
382
383
383
383
384
384
384
384
384
384
384
385
385
386
387
387
387
387
388
388
388
388
388
388
388
388
388
389
389
389
389
390
390
390
390
390
390
390
390
391
391
391
391
392
392
392
393
393
393
393
393
393
393
393
394
394
394
394
394
394
395
395
396
396
396
397
397
397
398
398
398
399
40
400
400
400
402
402
402
403
403
403
403
403
403
404
404
404
404
405
405
405
406
406
406
406
406
406
406
406
407
407
407
407
408
408
408
408
408
408
409
409
409
409
410
410
410
411
411
411
411
412
412
412
412
412
412
412
413
413
413
414
414
414
415
416
416
416
417
417
417
417
417
417
418
418
419
419
419
419
42
420
420
420
420
420
420
420
421
421
421
421
421
421
421
422
422
422
423
423
423
423
423
423
423
424
424
424
424
424
424
425
426
426
426
426
426
427
427
427
427
428
429
429
429
429
43
43
430
430
430
430
431
431
431
431
431
431
432
432
432
432
433
433
433
433
433
434
434
434
434
434
435
436
436
436
436
436
436
437
437
437
437
437
437
438
438
438
438
438
438
438
438
438
439
439
44
44
440
440
440
440
440
441
441
441
441
442
442
442
442
442
442
442
442
443
443
443
444
444
444
444
444
444
444
444
445
445
445
445
447
447
447
447
448
448
448
449
449
450
450
450
450
450
450
450
450
451
451
452
452
452
453
453
453
454
454
454
454
454
454
455
455
455
455
455
455
456
456
456
456
457
457
457
458
458
458
458
458
458
458
459
459
46
460
460
461
461
461
461
461
461
462
462
462
462
462
463
463
463
463
464
464
464
464
464
465
465
465
465
465
465
466
466
466
466
467
468
468
468
469
469
469
469
469
469
469
469
470
471
471
471
471
471
471
471
471
471
471
471
471
472
472
472
472
472
472
472
472
473
473
473
473
473
474
474
474
474
475
475
475
475
475
475
475
476
477
477
477
477
478
478
478
478
478
478
478
479
479
479
479
479
48
48
480
480
480
480
480
480
480
481
481
482
482
482
482
482
483
483
483
483
483
483
484
484
484
484
484
485
485
485
485
486
486
486
486
487
487
487
487
488
488
488
488
488
488
489
489
489
489
489
489
49
490
490
490
490
491
491
491
491
491
491
492
492
493
493
494
494
494
495
495
495
495
495
495
495
495
495
496
496
496
496
497
497
497
497
498
498
498
498
499
499
499
499
499
500
500
500
500
501
501
501
501
501
501
501
501
501
502
502
502
502
503
503
503
503
504
504
504
504
504
504
504
505
505
505
505
506
506
506
506
506
506
506
506
506
507
507
507
507
507
507
507
508
508
508
508
509
509
509
509
509
509
510
510
510
511
511
511
511
511
511
512
512
512
512
512
513
513
513
513
513
513
513
514
514
514
514
515
515
515
515
515
515
515
516
516
516
516
516
516
516
517
517
517
518
518
518
518
518
518
519
519
519
519
519
52
520
520
521
521
521
521
521
522
522
522
522
522
522
522
522
522
522
522
522
522
523
523
523
523
523
523
524
524
524
524
524
525
525
525
525
525
526
526
526
526
526
527
527
527
527
527
527
527
528
528
528
528
528
528
528
528
528
528
529
529
529
529
529
529
529
529
53
530
530
530
530
530
530
531
531
531
531
531
531
532
532
532
532
532
532
532
533
533
533
533
534
534
534
534
534
535
535
536
536
536
536
536
536
536
536
537
537
537
537
537
537
537
538
538
538
538
538
538
539
539
539
539
539
540
540
540
540
540
540
540
541
541
541
541
541
541
541
541
541
541
541
542
542
542
543
543
543
543
543
543
543
543
543
544
544
544
544
544
544
544
545
545
545
545
545
546
546
546
547
547
547
547
548
548
548
548
548
549
549
549
549
549
549
550
550
550
550
550
550
550
550
550
550
551
551
551
551
551
551
551
552
552
552
552
552
552
552
553
553
553
553
553
554
554
554
554
554
555
555
555
555
555
556
556
556
556
556
556
557
557
558
558
558
558
558
558
558
559
559
559
559
56
560
560
560
560
560
560
560
560
561
561
561
561
561
561
561
561
562
562
562
562
562
562
562
563
563
563
563
564
564
564
564
565
565
565
565
565
565
565
566
566
566
566
566
567
567
567
567
568
568
568
568
569
569
569
570
570
570
570
570
570
570
570
570
571
571
571
571
571
571
572
572
572
573
573
573
573
574
574
574
575
575
575
576
576
576
576
576
577
577
577
577
577
578
578
578
579
579
579
58
580
580
580
581
581
581
581
581
581
581
582
582
582
582
583
584
584
584
584
584
584
585
585
585
585
585
586
586
586
586
586
587
587
587
587
587
587
587
588
588
588
588
588
588
588
588
588
589
589
589
589
59
590
590
590
590
590
591
591
591
591
591
591
591
592
592
592
592
593
593
593
593
593
593
593
593
594
594
594
594
594
594
595
595
595
595
596
596
596
596
597
597
597
597
597
597
597
597
598
598
598
599
599
599
599
599
599
599
599
600
600
600
601
601
601
601
601
601
601
601
602
602
602
602
602
603
603
603
604
604
604
605
605
605
605
605
605
605
606
606
606
606
606
606
606
606
606
606
607
607
607
608
608
608
608
608
608
608
608
608
608
609
609
609
609
609
61
610
610
610
611
611
611
611
612
612
612
612
613
613
613
613
614
614
614
614
614
614
614
614
615
615
615
615
615
616
617
617
617
617
617
617
617
617
618
618
619
619
619
619
62
620
620
620
620
620
620
620
620
621
621
621
621
621
621
621
621
621
621
621
621
621
622
622
622
622
622
622
622
623
623
623
623
623
623
623
623
624
624
624
624
624
624
624
624
624
625
625
625
625
625
625
625
625
625
626
626
626
626
626
626
626
626
626
627
627
627
628
628
628
628
628
629
629
629
63
63
630
630
630
630
630
630
630
631
631
631
631
631
631
631
631
632
632
632
632
633
633
633
633
634
634
634
634
635
635
635
635
635
636
636
637
637
637
637
637
637
637
637
637
638
638
638
638
638
639
639
639
640
640
640
640
640
640
640
640
641
641
641
641
642
642
642
642
642
643
643
643
644
644
644
644
644
644
644
644
644
644
645
645
645
645
645
645
645
646
646
646
646
646
646
646
647
647
647
647
647
648
648
648
648
648
648
648
649
649
649
649
649
649
649
649
65
65
650
650
650
650
650
650
650
650
651
651
651
651
651
652
652
652
652
652
652
653
653
653
653
653
653
653
654
654
654
654
654
654
654
655
655
655
655
655
656
656
656
656
656
656
657
657
657
658
658
658
659
659
659
659
660
660
660
660
660
660
661
661
661
661
661
661
661
662
662
662
662
662
662
662
662
663
663
663
663
663
663
664
665
665
665
665
665
666
666
666
666
666
666
666
666
667
667
667
668
668
668
668
668
668
669
669
669
669
669
670
670
670
670
670
670
670
670
670
671
671
671
671
671
671
671
671
671
672
672
672
672
672
673
673
673
673
673
673
674
674
674
674
674
675
675
676
676
676
677
677
677
677
677
677
677
678
678
678
678
678
679
679
679
679
680
680
680
680
680
680
680
681
681
681
681
681
681
681
682
682
682
682
682
683
683
683
683
683
683
683
684
684
684
684
684
684
685
685
685
685
685
685
686
686
686
686
686
687
687
687
687
687
687
687
688
688
688
688
689
689
689
689
689
690
690
690
690
690
690
690
690
691
692
692
692
692
693
693
693
693
694
694
694
694
694
694
695
695
696
696
696
696
696
696
696
696
697
697
698
698
698
698
698
699
699
699
699
699
70
70
700
700
700
700
700
700
700
700
700
700
701
701
701
701
701
702
703
703
703
703
703
704
704
704
704
704
704
705
705
705
705
705
705
706
707
707
707
707
707
708
708
708
708
709
709
709
709
709
709
710
710
710
710
710
710
710
710
711
711
711
711
711
712
712
712
712
712
713
713
713
713
714
714
714
714
715
715
715
715
715
715
716
716
716
716
716
717
717
717
717
718
718
718
718
718
719
719
719
719
719
72
72
720
720
720
721
721
721
721
721
721
721
722
722
722
722
722
722
722
722
723
723
723
723
723
723
723
723
724
724
724
724
724
724
724
725
725
725
725
725
725
726
726
726
726
726
726
726
727
727
727
727
728
728
728
728
728
729
729
729
729
729
730
730
730
730
730
731
731
731
731
731
732
732
732
732
732
732
733
733
733
733
734
734
734
734
735
735
735
735
735
736
736
736
736
736
736
736
737
737
737
737
737
737
738
738
738
738
738
738
738
738
738
738
738
738
739
739
739
739
74
740
740
741
741
741
741
741
742
742
742
742
742
743
743
743
743
743
743
743
744
744
744
744
744
744
745
745
745
745
745
746
746
746
746
747
747
747
747
747
747
747
748
749
749
749
749
749
749
749
749
749
75
750
750
750
750
750
750
750
751
751
751
752
752
752
752
752
753
753
753
753
753
753
754
754
754
754
754
754
754
754
754
755
755
755
755
755
755
755
755
756
757
757
757
757
757
757
758
758
758
758
759
759
759
759
759
759
759
760
760
760
760
760
761
761
761
761
761
761
761
761
761
762
762
762
763
763
763
764
764
764
764
764
764
764
765
766
766
766
766
766
766
766
767
767
767
767
767
767
767
768
768
768
769
769
769
769
769
769
769
769
77
770
771
771
771
771
771
771
771
771
771
772
772
772
772
772
773
773
773
773
773
774
774
774
774
774
775
775
775
775
775
775
776
776
776
776
776
776
777
777
777
777
777
777
778
778
778
778
778
778
778
779
779
779
779
779
779
779
78
78
780
780
780
780
781
781
781
781
781
782
782
782
783
783
783
783
783
783
783
783
783
783
784
784
784
784
784
784
784
785
785
785
785
785
785
785
785
786
786
786
786
786
786
786
786
786
786
787
787
787
787
787
787
788
788
788
788
788
788
788
788
788
789
789
789
789
789
789
789
79
790
790
790
790
791
791
791
791
791
792
792
792
792
792
792
792
792
793
793
793
793
793
793
793
794
794
794
794
794
795
795
795
795
795
795
796
796
796
796
796
796
796
796
797
797
797
797
797
797
798
798
798
798
798
798
798
798
799
799
799
799
799
80
800
800
800
800
800
800
801
801
802
802
802
802
802
802
802
802
802
803
803
803
803
803
803
803
803
803
804
804
804
804
804
804
805
805
805
806
806
806
806
806
807
807
807
807
807
807
807
807
808
808
808
808
808
808
808
808
808
809
809
809
809
809
809
809
810
810
810
810
810
810
810
811
811
811
811
811
811
811
811
811
811
812
812
812
812
812
812
813
813
813
814
814
814
814
814
814
815
815
815
815
815
815
815
815
816
816
816
817
817
817
817
817
817
817
818
818
818
818
818
818
819
819
819
819
82
820
820
820
820
821
821
821
822
822
822
822
822
822
822
823
823
823
823
823
824
824
824
824
824
824
824
824
825
825
825
825
825
825
826
826
826
826
826
827
827
827
827
827
827
827
827
828
828
828
828
828
828
828
829
829
829
829
829
829
83
830
830
830
831
831
832
832
832
832
832
833
833
833
833
833
833
834
834
834
834
834
834
834
834
834
834
834
834
835
835
835
836
836
836
836
836
836
836
837
837
837
837
837
837
837
837
837
838
838
838
838
838
838
838
838
839
839
839
839
839
839
839
840
840
840
840
840
840
840
840
840
840
841
841
841
841
842
842
842
842
842
842
842
843
843
843
843
843
843
843
844
844
844
844
844
844
845
845
845
845
845
846
846
846
846
846
846
846
847
847
847
847
847
848
848
848
848
849
849
849
849
849
849
85
850
850
850
850
850
850
850
850
851
851
851
851
852
852
852
852
852
852
853
853
853
854
854
854
854
854
855
855
855
855
856
856
856
856
856
857
857
857
857
857
857
857
857
858
858
858
858
858
858
858
859
859
859
859
859
859
859
859
86
86
860
860
860
860
860
861
861
861
861
861
862
862
862
862
862
862
862
862
862
862
862
862
863
863
863
863
864
864
864
864
864
864
864
864
864
864
864
865
865
865
865
865
865
865
865
866
866
867
867
867
867
868
868
868
868
869
869
869
87
870
870
870
870
870
871
871
871
871
872
872
873
873
873
873
873
873
874
874
874
874
875
875
875
875
876
876
876
876
876
876
876
876
877
877
877
877
877
877
878
878
878
878
878
878
878
878
878
878
878
879
879
879
879
879
879
879
879
88
88
88
880
880
880
880
880
880
880
881
881
881
882
882
882
882
883
883
883
883
883
883
883
883
883
883
884
884
884
884
885
885
885
885
885
885
885
885
885
885
886
886
886
886
886
886
887
887
887
887
887
887
889
889
889
889
889
889
889
890
890
890
890
890
890
890
891
891
891
891
891
891
892
892
893
893
893
893
893
893
894
894
894
894
894
895
895
895
895
895
895
896
896
896
897
897
897
897
898
898
898
898
898
898
898
898
898
898
898
899
899
899
899
899
900
900
900
900
901
901
902
902
902
902
902
902
902
902
902
903
903
904
904
905
905
905
905
905
905
905
906
906
906
906
906
906
907
907
907
907
907
907
907
907
908
908
908
908
908
908
908
908
908
908
908
908
909
909
909
909
909
909
909
909
909
909
909
91
910
910
910
910
910
910
911
911
911
912
912
912
912
912
912
913
913
913
913
913
913
914
914
914
914
914
915
915
915
915
915
915
916
916
916
916
916
917
917
917
917
917
917
917
917
918
918
918
918
918
918
919
919
919
919
919
920
920
920
920
920
921
921
921
921
922
922
923
923
923
923
923
923
924
924
924
924
924
924
924
924
924
924
925
925
925
925
925
925
925
925
925
925
925
926
926
926
926
926
926
926
927
927
927
927
927
927
927
928
928
928
928
928
928
928
928
928
928
929
929
929
930
930
930
930
930
930
930
930
930
930
930
931
931
931
931
932
932
932
932
932
933
933
933
933
933
934
934
934
935
935
935
935
935
936
936
936
936
937
937
937
937
937
937
937
937
937
938
938
938
938
938
938
938
938
939
939
939
939
939
94
940
940
940
940
940
940
940
940
941
941
941
941
941
942
942
942
942
942
942
942
942
942
942
943
943
943
943
944
944
944
944
944
944
944
945
945
945
945
945
946
946
947
947
947
947
947
947
947
948
948
948
948
948
948
948
949
949
949
949
949
95
950
950
950
950
950
950
951
951
951
951
951
951
951
952
952
952
952
952
952
953
953
953
954
954
954
954
954
955
955
955
955
955
955
956
956
956
956
956
957
957
957
957
958
958
958
959
959
959
959
959
959
959
96
96
960
960
960
960
960
960
960
961
961
961
961
961
961
962
962
962
962
962
962
962
963
963
963
963
963
963
964
964
964
964
965
965
965
965
965
965
965
965
966
966
966
966
966
966
967
967
967
967
967
967
968
968
968
968
969
969
969
969
969
969
969
969
970
970
970
970
971
971
971
971
972
972
972
972
972
973
973
973
973
973
974
974
974
974
975
975
975
976
976
976
976
976
976
977
977
977
977
977
977
977
977
977
977
977
977
978
978
978
978
978
978
978
978
978
978
979
979
979
979
979
979
979
979
979
979
979
979
98
98
980
980
980
980
980
980
980
981
981
981
981
981
981
981
981
981
981
981
981
981
982
982
982
982
982
983
983
983
983
983
983
983
984
984
984
984
984
984
984
984
984
985
985
985
985
985
985
985
986
986
986
986
986
987
988
988
988
988
988
988
989
989
989
989
989
989
989
989
989
989
989
99
990
990
990
990
990
990
990
991
991
991
991
991
991
991
991
992
992
992
992
992
992
992
992
993
993
993
993
993
993
993
993
993
993
993
993
993
993
994
994
994
994
994
995
995
995
995
995
995
995
995
995
996
996
996
996
997
997
997
997
997
997
997
997
997
997
998
998
998
998
998
998
998
998
998
999
999
999
999
999
999
